# JRE version: Java(TM) SE Runtime Environment (8.0_181-b13) (build 1.8.0_181-b13)
# Java VM: Java HotSpot(TM) 64-Bit Server VM (25.181-b13 mixed mode windows-amd64 compressed oops)
Heap:
 PSYoungGen      total 101888K, used 56460K [0x00000000da180000, 0x00000000e7880000, 0x0000000100000000)
  eden space 98304K, 57% used [0x00000000da180000,0x00000000dd8a30f0,0x00000000e0180000)
  from space 3584K, 0% used [0x00000000e0180000,0x00000000e0180000,0x00000000e0500000)
  to   space 11776K, 0% used [0x00000000e6d00000,0x00000000e6d00000,0x00000000e7880000)
 ParOldGen       total 60928K, used 13522K [0x000000008e400000, 0x0000000091f80000, 0x00000000da180000)
  object space 60928K, 22% used [0x000000008e400000,0x000000008f1348f8,0x0000000091f80000)
 Metaspace       used 26090K, capacity 26388K, committed 26624K, reserved 1073152K
  class space    used 2958K, capacity 3060K, committed 3072K, reserved 1048576K
GC Heap History (10 events):
Event: 1.266 GC heap before
{Heap before GC invocations=2 (full 0):
 PSYoungGen      total 28160K, used 28120K [0x00000000da180000, 0x00000000dd880000, 0x0000000100000000)
  eden space 24576K, 100% used [0x00000000da180000,0x00000000db980000,0x00000000db980000)
  from space 3584K, 98% used [0x00000000db980000,0x00000000dbcf6230,0x00000000dbd00000)
  to   space 3584K, 0% used [0x00000000dd500000,0x00000000dd500000,0x00000000dd880000)
 ParOldGen       total 64512K, used 8K [0x000000008e400000, 0x0000000092300000, 0x00000000da180000)
  object space 64512K, 0% used [0x000000008e400000,0x000000008e402000,0x0000000092300000)
 Metaspace       used 8926K, capacity 8992K, committed 9344K, reserved 1056768K
  class space    used 1033K, capacity 1040K, committed 1152K, reserved 1048576K
Event: 1.271 GC heap after
Heap after GC invocations=2 (full 0):
 PSYoungGen      total 52736K, used 3570K [0x00000000da180000, 0x00000000dd880000, 0x0000000100000000)
  eden space 49152K, 0% used [0x00000000da180000,0x00000000da180000,0x00000000dd180000)
  from space 3584K, 99% used [0x00000000dd500000,0x00000000dd87c900,0x00000000dd880000)
  to   space 3584K, 0% used [0x00000000dd180000,0x00000000dd180000,0x00000000dd500000)
 ParOldGen       total 64512K, used 987K [0x000000008e400000, 0x0000000092300000, 0x00000000da180000)
  object space 64512K, 1% used [0x000000008e400000,0x000000008e4f6f40,0x0000000092300000)
 Metaspace       used 8926K, capacity 8992K, committed 9344K, reserved 1056768K
  class space    used 1033K, capacity 1040K, committed 1152K, reserved 1048576K
}
Event: 1.956 GC heap before
{Heap before GC invocations=3 (full 0):
 PSYoungGen      total 52736K, used 52722K [0x00000000da180000, 0x00000000dd880000, 0x0000000100000000)
  eden space 49152K, 100% used [0x00000000da180000,0x00000000dd180000,0x00000000dd180000)
  from space 3584K, 99% used [0x00000000dd500000,0x00000000dd87c900,0x00000000dd880000)
  to   space 3584K, 0% used [0x00000000dd180000,0x00000000dd180000,0x00000000dd500000)
 ParOldGen       total 64512K, used 987K [0x000000008e400000, 0x0000000092300000, 0x00000000da180000)
  object space 64512K, 1% used [0x000000008e400000,0x000000008e4f6f40,0x0000000092300000)
 Metaspace       used 13633K, capacity 13738K, committed 14080K, reserved 1062912K
  class space    used 1444K, capacity 1468K, committed 1536K, reserved 1048576K
Event: 1.963 GC heap after
Heap after GC invocations=3 (full 0):
 PSYoungGen      total 52736K, used 3569K [0x00000000da180000, 0x00000000e0880000, 0x0000000100000000)
  eden space 49152K, 0% used [0x00000000da180000,0x00000000da180000,0x00000000dd180000)
  from space 3584K, 99% used [0x00000000dd180000,0x00000000dd4fc588,0x00000000dd500000)
  to   space 3584K, 0% used [0x00000000e0500000,0x00000000e0500000,0x00000000e0880000)
 ParOldGen       total 64512K, used 4481K [0x000000008e400000, 0x0000000092300000, 0x00000000da180000)
  object space 64512K, 6% used [0x000000008e400000,0x000000008e8605b0,0x0000000092300000)
 Metaspace       used 13633K, capacity 13738K, committed 14080K, reserved 1062912K
  class space    used 1444K, capacity 1468K, committed 1536K, reserved 1048576K
}
Event: 2.843 GC heap before
{Heap before GC invocations=4 (full 0):
 PSYoungGen      total 52736K, used 52721K [0x00000000da180000, 0x00000000e0880000, 0x0000000100000000)
  eden space 49152K, 100% used [0x00000000da180000,0x00000000dd180000,0x00000000dd180000)
  from space 3584K, 99% used [0x00000000dd180000,0x00000000dd4fc588,0x00000000dd500000)
  to   space 3584K, 0% used [0x00000000e0500000,0x00000000e0500000,0x00000000e0880000)
 ParOldGen       total 64512K, used 4481K [0x000000008e400000, 0x0000000092300000, 0x00000000da180000)
  object space 64512K, 6% used [0x000000008e400000,0x000000008e8605b0,0x0000000092300000)
 Metaspace       used 18786K, capacity 19032K, committed 19456K, reserved 1067008K
  class space    used 2137K, capacity 2234K, committed 2304K, reserved 1048576K
Event: 2.855 GC heap after
Heap after GC invocations=4 (full 0):
 PSYoungGen      total 101888K, used 3571K [0x00000000da180000, 0x00000000e0880000, 0x0000000100000000)
  eden space 98304K, 0% used [0x00000000da180000,0x00000000da180000,0x00000000e0180000)
  from space 3584K, 99% used [0x00000000e0500000,0x00000000e087ce80,0x00000000e0880000)
  to   space 3584K, 0% used [0x00000000e0180000,0x00000000e0180000,0x00000000e0500000)
 ParOldGen       total 64512K, used 8360K [0x000000008e400000, 0x0000000092300000, 0x00000000da180000)
  object space 64512K, 12% used [0x000000008e400000,0x000000008ec2a290,0x0000000092300000)
 Metaspace       used 18786K, capacity 19032K, committed 19456K, reserved 1067008K
  class space    used 2137K, capacity 2234K, committed 2304K, reserved 1048576K
}
Event: 4.016 GC heap before
{Heap before GC invocations=5 (full 0):
 PSYoungGen      total 101888K, used 74556K [0x00000000da180000, 0x00000000e0880000, 0x0000000100000000)
  eden space 98304K, 72% used [0x00000000da180000,0x00000000de6d2318,0x00000000e0180000)
  from space 3584K, 99% used [0x00000000e0500000,0x00000000e087ce80,0x00000000e0880000)
  to   space 3584K, 0% used [0x00000000e0180000,0x00000000e0180000,0x00000000e0500000)
 ParOldGen       total 64512K, used 8360K [0x000000008e400000, 0x0000000092300000, 0x00000000da180000)
  object space 64512K, 12% used [0x000000008e400000,0x000000008ec2a290,0x0000000092300000)
 Metaspace       used 20841K, capacity 21128K, committed 21296K, reserved 1069056K
  class space    used 2330K, capacity 2417K, committed 2432K, reserved 1048576K
Event: 4.052 GC heap after
Heap after GC invocations=5 (full 0):
 PSYoungGen      total 101888K, used 3568K [0x00000000da180000, 0x00000000e7880000, 0x0000000100000000)
  eden space 98304K, 0% used [0x00000000da180000,0x00000000da180000,0x00000000e0180000)
  from space 3584K, 99% used [0x00000000e0180000,0x00000000e04fc030,0x00000000e0500000)
  to   space 11776K, 0% used [0x00000000e6d00000,0x00000000e6d00000,0x00000000e7880000)
 ParOldGen       total 64512K, used 15376K [0x000000008e400000, 0x0000000092300000, 0x00000000da180000)
  object space 64512K, 23% used [0x000000008e400000,0x000000008f304068,0x0000000092300000)
 Metaspace       used 20841K, capacity 21128K, committed 21296K, reserved 1069056K
  class space    used 2330K, capacity 2417K, committed 2432K, reserved 1048576K
}
Event: 4.052 GC heap before
{Heap before GC invocations=6 (full 1):
 PSYoungGen      total 101888K, used 3568K [0x00000000da180000, 0x00000000e7880000, 0x0000000100000000)
  eden space 98304K, 0% used [0x00000000da180000,0x00000000da180000,0x00000000e0180000)
  from space 3584K, 99% used [0x00000000e0180000,0x00000000e04fc030,0x00000000e0500000)
  to   space 11776K, 0% used [0x00000000e6d00000,0x00000000e6d00000,0x00000000e7880000)
 ParOldGen       total 64512K, used 15376K [0x000000008e400000, 0x0000000092300000, 0x00000000da180000)
  object space 64512K, 23% used [0x000000008e400000,0x000000008f304068,0x0000000092300000)
 Metaspace       used 20841K, capacity 21128K, committed 21296K, reserved 1069056K
  class space    used 2330K, capacity 2417K, committed 2432K, reserved 1048576K
Event: 4.149 GC heap after
Heap after GC invocations=6 (full 1):
 PSYoungGen      total 101888K, used 0K [0x00000000da180000, 0x00000000e7880000, 0x0000000100000000)
  eden space 98304K, 0% used [0x00000000da180000,0x00000000da180000,0x00000000e0180000)
  from space 3584K, 0% used [0x00000000e0180000,0x00000000e0180000,0x00000000e0500000)
  to   space 11776K, 0% used [0x00000000e6d00000,0x00000000e6d00000,0x00000000e7880000)
 ParOldGen       total 60928K, used 13522K [0x000000008e400000, 0x0000000091f80000, 0x00000000da180000)
  object space 60928K, 22% used [0x000000008e400000,0x000000008f1348f8,0x0000000091f80000)
 Metaspace       used 20841K, capacity 21128K, committed 21296K, reserved 1069056K
  class space    used 2330K, capacity 2417K, committed 2432K, reserved 1048576K
}

