<?xml version="1.0" encoding="UTF-8" standalone="yes"?>
<testsuites name="FinancialNonEmployee_NonUltimate" time="258" tests="42" failures="0" errors="84">
    <testsuite name="FinancialNonEmployee_NonUltimate" tests="42" failures="0" errors="84" time="258" timestamp="2019-08-27 17:06:53" hostname="c19679 - LIDLIFE38B0WS.PRU.intranet.asia" id="Test Suites/FinancialNonEmployee_NonUltimate">
        <properties>
            <property name="deviceName" value=""/>
            <property name="devicePlatform" value=""/>
            <property name="logFolder" value="C:\\SURYAPURBA\\PHS\\PHS-BRMS\\Reports\\FinancialNonEmployee_NonUltimate\\20190827_170649"/>
            <property name="logFiles" value="C:\\SURYAPURBA\\PHS\\PHS-BRMS\\Reports\\FinancialNonEmployee_NonUltimate\\20190827_170649\\execution0.log"/>
            <property name="attachments" value=""/>
            <property name="hostName" value="c19679 - LIDLIFE38B0WS.PRU.intranet.asia"/>
            <property name="hostAddress" value="10.170.236.47"/>
            <property name="os" value="Windows 7 64bit"/>
            <property name="katalonVersion" value="6.2.2.4"/>
        </properties>
        <testcase name="Test Cases/AlterationScoringRuleApps/Financial Non Employee/Non Ultimate/FE4/TC-1 USD FE4" classname="Test Cases/AlterationScoringRuleApps/Financial Non Employee/Non Ultimate/FE4/TC-1 USD FE4" status="PASSED">
            <system-out>2019-08-27 17:06:53 - [TEST_CASE][PASSED] - Test Cases/AlterationScoringRuleApps/Financial Non Employee/Non Ultimate/FE4/TC-1 USD FE4: Test Cases/AlterationScoringRuleApps/Financial Non Employee/Non Ultimate/FE4/TC-1 USD FE4&#xD;
&#xD;
2019-08-27 17:06:53 - [TEST_STEP][PASSED] - random = new java.util.Random(): null&#xD;
&#xD;
2019-08-27 17:06:53 - [TEST_STEP][PASSED] - compareHighestValueFsaDeathVsAddccMax = 1875000: null&#xD;
&#xD;
2019-08-27 17:06:53 - [TEST_STEP][PASSED] - compareHighestValueFsaDeathVsAddccMin = 625001: null&#xD;
&#xD;
2019-08-27 17:06:53 - [TEST_STEP][PASSED] - compareHighestValueFsaDeathVsAddcc = random.nextInt(compareHighestValueFsaDeathVsAddccMax - compareHighestValueFsaDeathVsAddccMin) + compareHighestValueFsaDeathVsAddccMin: null&#xD;
&#xD;
2019-08-27 17:06:53 - [TEST_STEP][PASSED] - println(compareHighestValueFsaDeathVsAddcc): null&#xD;
&#xD;
2019-08-27 17:06:53 - [TEST_STEP][PASSED] - comment("Send request"): Send request&#xD;
&#xD;
2019-08-27 17:06:53 - [MESSAGE][INFO] - Send request&#xD;
&#xD;
2019-08-27 17:06:53 - [TEST_STEP][PASSED] - response = sendRequest(findTestObject("AlterationScoringRuleApps/Financial Non Employee/Non Ultimate/Object Request", ["transactionType":transactionType, "role":role, "increasingFsaFlag":increasingFsaFlag, "pecFlag":pecFlag, "occupationCode":occupationCode, ... ])): Send request successfully&#xD;
&#xD;
2019-08-27 17:06:54 - [MESSAGE][INFO] - HAR: C:\SURYAPURBA\PHS\PHS-BRMS\Reports\FinancialNonEmployee_NonUltimate\20190827_170649\requests\main\0.har&#xD;
&#xD;
2019-08-27 17:06:55 - [MESSAGE][PASSED] - Send request successfully&#xD;
&#xD;
2019-08-27 17:06:55 - [TEST_STEP][PASSED] - slurper = new groovy.json.JsonSlurper(): null&#xD;
&#xD;
2019-08-27 17:06:55 - [TEST_STEP][PASSED] - parseResponse = slurper.parseText(response.getResponseText()): null&#xD;
&#xD;
2019-08-27 17:06:55 - [TEST_STEP][PASSED] - println(parseResponse): null&#xD;
&#xD;
2019-08-27 17:06:55 - [TEST_STEP][PASSED] - attributes = evidenceCode: null&#xD;
&#xD;
2019-08-27 17:06:55 - [TEST_STEP][PASSED] - expected = description == "Butuh LSAR, ABR": null&#xD;
&#xD;
2019-08-27 17:06:55 - [TEST_STEP][PASSED] - comment("Verify evidence code is FE4 and have description "Butuh LSAR, ABR""): Verify evidence code is FE4 and have description "Butuh LSAR, ABR"&#xD;
&#xD;
2019-08-27 17:06:55 - [MESSAGE][INFO] - Verify evidence code is FE4 and have description "Butuh LSAR, ABR"&#xD;
&#xD;
2019-08-27 17:06:55 - [TEST_STEP][PASSED] - verifyEqual(expected, true): Actual object 'true' and expected object 'true' are equal&#xD;
&#xD;
2019-08-27 17:06:55 - [MESSAGE][PASSED] - Actual object 'true' and expected object 'true' are equal&#xD;
&#xD;
2019-08-27 17:06:55 - [TEST_STEP][PASSED] - comment("Verify response status code"): Verify response status code&#xD;
&#xD;
2019-08-27 17:06:55 - [MESSAGE][INFO] - Verify response status code&#xD;
&#xD;
2019-08-27 17:06:55 - [TEST_STEP][PASSED] - verifyResponseStatusCode(response, 200): Verify response status code successfully&#xD;
&#xD;
2019-08-27 17:06:55 - [MESSAGE][PASSED] - Verify response status code successfully&#xD;
&#xD;
2019-08-27 17:06:55 - [TEST_STEP][PASSED] - Start listener action : sampleAfterTestCase: null</system-out>
            <system-err></system-err>
        </testcase>
        <testcase name="Test Cases/AlterationScoringRuleApps/Financial Non Employee/Non Ultimate/FE4/TC-1 USD FE4" classname="Test Cases/AlterationScoringRuleApps/Financial Non Employee/Non Ultimate/FE4/TC-1 USD FE4" status="PASSED">
            <system-out>2019-08-27 17:06:55 - [TEST_CASE][PASSED] - Test Cases/AlterationScoringRuleApps/Financial Non Employee/Non Ultimate/FE4/TC-1 USD FE4: Test Cases/AlterationScoringRuleApps/Financial Non Employee/Non Ultimate/FE4/TC-1 USD FE4&#xD;
&#xD;
2019-08-27 17:06:55 - [TEST_STEP][PASSED] - random = new java.util.Random(): null&#xD;
&#xD;
2019-08-27 17:06:55 - [TEST_STEP][PASSED] - compareHighestValueFsaDeathVsAddccMax = 1875000: null&#xD;
&#xD;
2019-08-27 17:06:55 - [TEST_STEP][PASSED] - compareHighestValueFsaDeathVsAddccMin = 625001: null&#xD;
&#xD;
2019-08-27 17:06:55 - [TEST_STEP][PASSED] - compareHighestValueFsaDeathVsAddcc = random.nextInt(compareHighestValueFsaDeathVsAddccMax - compareHighestValueFsaDeathVsAddccMin) + compareHighestValueFsaDeathVsAddccMin: null&#xD;
&#xD;
2019-08-27 17:06:55 - [TEST_STEP][PASSED] - println(compareHighestValueFsaDeathVsAddcc): null&#xD;
&#xD;
2019-08-27 17:06:55 - [TEST_STEP][PASSED] - comment("Send request"): Send request&#xD;
&#xD;
2019-08-27 17:06:55 - [MESSAGE][INFO] - Send request&#xD;
&#xD;
2019-08-27 17:06:55 - [TEST_STEP][PASSED] - response = sendRequest(findTestObject("AlterationScoringRuleApps/Financial Non Employee/Non Ultimate/Object Request", ["transactionType":transactionType, "role":role, "increasingFsaFlag":increasingFsaFlag, "pecFlag":pecFlag, "occupationCode":occupationCode, ... ])): Send request successfully&#xD;
&#xD;
2019-08-27 17:06:55 - [MESSAGE][INFO] - HAR: C:\SURYAPURBA\PHS\PHS-BRMS\Reports\FinancialNonEmployee_NonUltimate\20190827_170649\requests\main\1.har&#xD;
&#xD;
2019-08-27 17:06:55 - [MESSAGE][PASSED] - Send request successfully&#xD;
&#xD;
2019-08-27 17:06:55 - [TEST_STEP][PASSED] - slurper = new groovy.json.JsonSlurper(): null&#xD;
&#xD;
2019-08-27 17:06:55 - [TEST_STEP][PASSED] - parseResponse = slurper.parseText(response.getResponseText()): null&#xD;
&#xD;
2019-08-27 17:06:55 - [TEST_STEP][PASSED] - println(parseResponse): null&#xD;
&#xD;
2019-08-27 17:06:55 - [TEST_STEP][PASSED] - attributes = evidenceCode: null&#xD;
&#xD;
2019-08-27 17:06:55 - [TEST_STEP][PASSED] - expected = description == "Butuh LSAR, ABR": null&#xD;
&#xD;
2019-08-27 17:06:55 - [TEST_STEP][PASSED] - comment("Verify evidence code is FE4 and have description "Butuh LSAR, ABR""): Verify evidence code is FE4 and have description "Butuh LSAR, ABR"&#xD;
&#xD;
2019-08-27 17:06:55 - [MESSAGE][INFO] - Verify evidence code is FE4 and have description "Butuh LSAR, ABR"&#xD;
&#xD;
2019-08-27 17:06:55 - [TEST_STEP][PASSED] - verifyEqual(expected, true): Actual object 'true' and expected object 'true' are equal&#xD;
&#xD;
2019-08-27 17:06:55 - [MESSAGE][PASSED] - Actual object 'true' and expected object 'true' are equal&#xD;
&#xD;
2019-08-27 17:06:55 - [TEST_STEP][PASSED] - comment("Verify response status code"): Verify response status code&#xD;
&#xD;
2019-08-27 17:06:55 - [MESSAGE][INFO] - Verify response status code&#xD;
&#xD;
2019-08-27 17:06:55 - [TEST_STEP][PASSED] - verifyResponseStatusCode(response, 200): Verify response status code successfully&#xD;
&#xD;
2019-08-27 17:06:55 - [MESSAGE][PASSED] - Verify response status code successfully&#xD;
&#xD;
2019-08-27 17:06:55 - [TEST_STEP][PASSED] - Start listener action : sampleAfterTestCase: null</system-out>
            <system-err></system-err>
        </testcase>
        <testcase name="Test Cases/AlterationScoringRuleApps/Financial Non Employee/Non Ultimate/FE4/TC-1 USD FE4" classname="Test Cases/AlterationScoringRuleApps/Financial Non Employee/Non Ultimate/FE4/TC-1 USD FE4" status="PASSED">
            <system-out>2019-08-27 17:06:55 - [TEST_CASE][PASSED] - Test Cases/AlterationScoringRuleApps/Financial Non Employee/Non Ultimate/FE4/TC-1 USD FE4: Test Cases/AlterationScoringRuleApps/Financial Non Employee/Non Ultimate/FE4/TC-1 USD FE4&#xD;
&#xD;
2019-08-27 17:06:55 - [TEST_STEP][PASSED] - random = new java.util.Random(): null&#xD;
&#xD;
2019-08-27 17:06:55 - [TEST_STEP][PASSED] - compareHighestValueFsaDeathVsAddccMax = 1875000: null&#xD;
&#xD;
2019-08-27 17:06:55 - [TEST_STEP][PASSED] - compareHighestValueFsaDeathVsAddccMin = 625001: null&#xD;
&#xD;
2019-08-27 17:06:56 - [TEST_STEP][PASSED] - compareHighestValueFsaDeathVsAddcc = random.nextInt(compareHighestValueFsaDeathVsAddccMax - compareHighestValueFsaDeathVsAddccMin) + compareHighestValueFsaDeathVsAddccMin: null&#xD;
&#xD;
2019-08-27 17:06:56 - [TEST_STEP][PASSED] - println(compareHighestValueFsaDeathVsAddcc): null&#xD;
&#xD;
2019-08-27 17:06:56 - [TEST_STEP][PASSED] - comment("Send request"): Send request&#xD;
&#xD;
2019-08-27 17:06:56 - [MESSAGE][INFO] - Send request&#xD;
&#xD;
2019-08-27 17:06:56 - [TEST_STEP][PASSED] - response = sendRequest(findTestObject("AlterationScoringRuleApps/Financial Non Employee/Non Ultimate/Object Request", ["transactionType":transactionType, "role":role, "increasingFsaFlag":increasingFsaFlag, "pecFlag":pecFlag, "occupationCode":occupationCode, ... ])): Send request successfully&#xD;
&#xD;
2019-08-27 17:06:56 - [MESSAGE][INFO] - HAR: C:\SURYAPURBA\PHS\PHS-BRMS\Reports\FinancialNonEmployee_NonUltimate\20190827_170649\requests\main\2.har&#xD;
&#xD;
2019-08-27 17:06:56 - [MESSAGE][PASSED] - Send request successfully&#xD;
&#xD;
2019-08-27 17:06:56 - [TEST_STEP][PASSED] - slurper = new groovy.json.JsonSlurper(): null&#xD;
&#xD;
2019-08-27 17:06:56 - [TEST_STEP][PASSED] - parseResponse = slurper.parseText(response.getResponseText()): null&#xD;
&#xD;
2019-08-27 17:06:56 - [TEST_STEP][PASSED] - println(parseResponse): null&#xD;
&#xD;
2019-08-27 17:06:56 - [TEST_STEP][PASSED] - attributes = evidenceCode: null&#xD;
&#xD;
2019-08-27 17:06:56 - [TEST_STEP][PASSED] - expected = description == "Butuh LSAR, ABR": null&#xD;
&#xD;
2019-08-27 17:06:56 - [TEST_STEP][PASSED] - comment("Verify evidence code is FE4 and have description "Butuh LSAR, ABR""): Verify evidence code is FE4 and have description "Butuh LSAR, ABR"&#xD;
&#xD;
2019-08-27 17:06:56 - [MESSAGE][INFO] - Verify evidence code is FE4 and have description "Butuh LSAR, ABR"&#xD;
&#xD;
2019-08-27 17:06:56 - [TEST_STEP][PASSED] - verifyEqual(expected, true): Actual object 'true' and expected object 'true' are equal&#xD;
&#xD;
2019-08-27 17:06:56 - [MESSAGE][PASSED] - Actual object 'true' and expected object 'true' are equal&#xD;
&#xD;
2019-08-27 17:06:56 - [TEST_STEP][PASSED] - comment("Verify response status code"): Verify response status code&#xD;
&#xD;
2019-08-27 17:06:56 - [MESSAGE][INFO] - Verify response status code&#xD;
&#xD;
2019-08-27 17:06:56 - [TEST_STEP][PASSED] - verifyResponseStatusCode(response, 200): Verify response status code successfully&#xD;
&#xD;
2019-08-27 17:06:56 - [MESSAGE][PASSED] - Verify response status code successfully&#xD;
&#xD;
2019-08-27 17:06:56 - [TEST_STEP][PASSED] - Start listener action : sampleAfterTestCase: null</system-out>
            <system-err></system-err>
        </testcase>
        <testcase name="Test Cases/AlterationScoringRuleApps/Financial Non Employee/Non Ultimate/FE4/TC-1 USD FE4" classname="Test Cases/AlterationScoringRuleApps/Financial Non Employee/Non Ultimate/FE4/TC-1 USD FE4" status="PASSED">
            <system-out>2019-08-27 17:06:56 - [TEST_CASE][PASSED] - Test Cases/AlterationScoringRuleApps/Financial Non Employee/Non Ultimate/FE4/TC-1 USD FE4: Test Cases/AlterationScoringRuleApps/Financial Non Employee/Non Ultimate/FE4/TC-1 USD FE4&#xD;
&#xD;
2019-08-27 17:06:56 - [TEST_STEP][PASSED] - random = new java.util.Random(): null&#xD;
&#xD;
2019-08-27 17:06:56 - [TEST_STEP][PASSED] - compareHighestValueFsaDeathVsAddccMax = 1875000: null&#xD;
&#xD;
2019-08-27 17:06:56 - [TEST_STEP][PASSED] - compareHighestValueFsaDeathVsAddccMin = 625001: null&#xD;
&#xD;
2019-08-27 17:06:56 - [TEST_STEP][PASSED] - compareHighestValueFsaDeathVsAddcc = random.nextInt(compareHighestValueFsaDeathVsAddccMax - compareHighestValueFsaDeathVsAddccMin) + compareHighestValueFsaDeathVsAddccMin: null&#xD;
&#xD;
2019-08-27 17:06:56 - [TEST_STEP][PASSED] - println(compareHighestValueFsaDeathVsAddcc): null&#xD;
&#xD;
2019-08-27 17:06:56 - [TEST_STEP][PASSED] - comment("Send request"): Send request&#xD;
&#xD;
2019-08-27 17:06:56 - [MESSAGE][INFO] - Send request&#xD;
&#xD;
2019-08-27 17:06:56 - [TEST_STEP][PASSED] - response = sendRequest(findTestObject("AlterationScoringRuleApps/Financial Non Employee/Non Ultimate/Object Request", ["transactionType":transactionType, "role":role, "increasingFsaFlag":increasingFsaFlag, "pecFlag":pecFlag, "occupationCode":occupationCode, ... ])): Send request successfully&#xD;
&#xD;
2019-08-27 17:06:56 - [MESSAGE][INFO] - HAR: C:\SURYAPURBA\PHS\PHS-BRMS\Reports\FinancialNonEmployee_NonUltimate\20190827_170649\requests\main\3.har&#xD;
&#xD;
2019-08-27 17:06:56 - [MESSAGE][PASSED] - Send request successfully&#xD;
&#xD;
2019-08-27 17:06:56 - [TEST_STEP][PASSED] - slurper = new groovy.json.JsonSlurper(): null&#xD;
&#xD;
2019-08-27 17:06:56 - [TEST_STEP][PASSED] - parseResponse = slurper.parseText(response.getResponseText()): null&#xD;
&#xD;
2019-08-27 17:06:56 - [TEST_STEP][PASSED] - println(parseResponse): null&#xD;
&#xD;
2019-08-27 17:06:56 - [TEST_STEP][PASSED] - attributes = evidenceCode: null&#xD;
&#xD;
2019-08-27 17:06:56 - [TEST_STEP][PASSED] - expected = description == "Butuh LSAR, ABR": null&#xD;
&#xD;
2019-08-27 17:06:56 - [TEST_STEP][PASSED] - comment("Verify evidence code is FE4 and have description "Butuh LSAR, ABR""): Verify evidence code is FE4 and have description "Butuh LSAR, ABR"&#xD;
&#xD;
2019-08-27 17:06:56 - [MESSAGE][INFO] - Verify evidence code is FE4 and have description "Butuh LSAR, ABR"&#xD;
&#xD;
2019-08-27 17:06:56 - [TEST_STEP][PASSED] - verifyEqual(expected, true): Actual object 'true' and expected object 'true' are equal&#xD;
&#xD;
2019-08-27 17:06:56 - [MESSAGE][PASSED] - Actual object 'true' and expected object 'true' are equal&#xD;
&#xD;
2019-08-27 17:06:56 - [TEST_STEP][PASSED] - comment("Verify response status code"): Verify response status code&#xD;
&#xD;
2019-08-27 17:06:57 - [MESSAGE][INFO] - Verify response status code&#xD;
&#xD;
2019-08-27 17:06:57 - [TEST_STEP][PASSED] - verifyResponseStatusCode(response, 200): Verify response status code successfully&#xD;
&#xD;
2019-08-27 17:06:57 - [MESSAGE][PASSED] - Verify response status code successfully&#xD;
&#xD;
2019-08-27 17:06:57 - [TEST_STEP][PASSED] - Start listener action : sampleAfterTestCase: null</system-out>
            <system-err></system-err>
        </testcase>
        <testcase name="Test Cases/AlterationScoringRuleApps/Financial Non Employee/Non Ultimate/FE4/TC-1 USD FE4" classname="Test Cases/AlterationScoringRuleApps/Financial Non Employee/Non Ultimate/FE4/TC-1 USD FE4" status="PASSED">
            <system-out>2019-08-27 17:06:57 - [TEST_CASE][PASSED] - Test Cases/AlterationScoringRuleApps/Financial Non Employee/Non Ultimate/FE4/TC-1 USD FE4: Test Cases/AlterationScoringRuleApps/Financial Non Employee/Non Ultimate/FE4/TC-1 USD FE4&#xD;
&#xD;
2019-08-27 17:06:57 - [TEST_STEP][PASSED] - random = new java.util.Random(): null&#xD;
&#xD;
2019-08-27 17:06:57 - [TEST_STEP][PASSED] - compareHighestValueFsaDeathVsAddccMax = 1875000: null&#xD;
&#xD;
2019-08-27 17:06:57 - [TEST_STEP][PASSED] - compareHighestValueFsaDeathVsAddccMin = 625001: null&#xD;
&#xD;
2019-08-27 17:06:57 - [TEST_STEP][PASSED] - compareHighestValueFsaDeathVsAddcc = random.nextInt(compareHighestValueFsaDeathVsAddccMax - compareHighestValueFsaDeathVsAddccMin) + compareHighestValueFsaDeathVsAddccMin: null&#xD;
&#xD;
2019-08-27 17:06:57 - [TEST_STEP][PASSED] - println(compareHighestValueFsaDeathVsAddcc): null&#xD;
&#xD;
2019-08-27 17:06:57 - [TEST_STEP][PASSED] - comment("Send request"): Send request&#xD;
&#xD;
2019-08-27 17:06:57 - [MESSAGE][INFO] - Send request&#xD;
&#xD;
2019-08-27 17:06:57 - [TEST_STEP][PASSED] - response = sendRequest(findTestObject("AlterationScoringRuleApps/Financial Non Employee/Non Ultimate/Object Request", ["transactionType":transactionType, "role":role, "increasingFsaFlag":increasingFsaFlag, "pecFlag":pecFlag, "occupationCode":occupationCode, ... ])): Send request successfully&#xD;
&#xD;
2019-08-27 17:06:57 - [MESSAGE][INFO] - HAR: C:\SURYAPURBA\PHS\PHS-BRMS\Reports\FinancialNonEmployee_NonUltimate\20190827_170649\requests\main\4.har&#xD;
&#xD;
2019-08-27 17:06:57 - [MESSAGE][PASSED] - Send request successfully&#xD;
&#xD;
2019-08-27 17:06:57 - [TEST_STEP][PASSED] - slurper = new groovy.json.JsonSlurper(): null&#xD;
&#xD;
2019-08-27 17:06:57 - [TEST_STEP][PASSED] - parseResponse = slurper.parseText(response.getResponseText()): null&#xD;
&#xD;
2019-08-27 17:06:57 - [TEST_STEP][PASSED] - println(parseResponse): null&#xD;
&#xD;
2019-08-27 17:06:57 - [TEST_STEP][PASSED] - attributes = evidenceCode: null&#xD;
&#xD;
2019-08-27 17:06:57 - [TEST_STEP][PASSED] - expected = description == "Butuh LSAR, ABR": null&#xD;
&#xD;
2019-08-27 17:06:57 - [TEST_STEP][PASSED] - comment("Verify evidence code is FE4 and have description "Butuh LSAR, ABR""): Verify evidence code is FE4 and have description "Butuh LSAR, ABR"&#xD;
&#xD;
2019-08-27 17:06:57 - [MESSAGE][INFO] - Verify evidence code is FE4 and have description "Butuh LSAR, ABR"&#xD;
&#xD;
2019-08-27 17:06:57 - [TEST_STEP][PASSED] - verifyEqual(expected, true): Actual object 'true' and expected object 'true' are equal&#xD;
&#xD;
2019-08-27 17:06:57 - [MESSAGE][PASSED] - Actual object 'true' and expected object 'true' are equal&#xD;
&#xD;
2019-08-27 17:06:57 - [TEST_STEP][PASSED] - comment("Verify response status code"): Verify response status code&#xD;
&#xD;
2019-08-27 17:06:57 - [MESSAGE][INFO] - Verify response status code&#xD;
&#xD;
2019-08-27 17:06:57 - [TEST_STEP][PASSED] - verifyResponseStatusCode(response, 200): Verify response status code successfully&#xD;
&#xD;
2019-08-27 17:06:57 - [MESSAGE][PASSED] - Verify response status code successfully&#xD;
&#xD;
2019-08-27 17:06:57 - [TEST_STEP][PASSED] - Start listener action : sampleAfterTestCase: null</system-out>
            <system-err></system-err>
        </testcase>
        <testcase name="Test Cases/AlterationScoringRuleApps/Financial Non Employee/Non Ultimate/FE4/TC-1 USD FE4" classname="Test Cases/AlterationScoringRuleApps/Financial Non Employee/Non Ultimate/FE4/TC-1 USD FE4" status="PASSED">
            <system-out>2019-08-27 17:06:57 - [TEST_CASE][PASSED] - Test Cases/AlterationScoringRuleApps/Financial Non Employee/Non Ultimate/FE4/TC-1 USD FE4: Test Cases/AlterationScoringRuleApps/Financial Non Employee/Non Ultimate/FE4/TC-1 USD FE4&#xD;
&#xD;
2019-08-27 17:06:58 - [TEST_STEP][PASSED] - random = new java.util.Random(): null&#xD;
&#xD;
2019-08-27 17:06:58 - [TEST_STEP][PASSED] - compareHighestValueFsaDeathVsAddccMax = 1875000: null&#xD;
&#xD;
2019-08-27 17:06:58 - [TEST_STEP][PASSED] - compareHighestValueFsaDeathVsAddccMin = 625001: null&#xD;
&#xD;
2019-08-27 17:06:58 - [TEST_STEP][PASSED] - compareHighestValueFsaDeathVsAddcc = random.nextInt(compareHighestValueFsaDeathVsAddccMax - compareHighestValueFsaDeathVsAddccMin) + compareHighestValueFsaDeathVsAddccMin: null&#xD;
&#xD;
2019-08-27 17:06:58 - [TEST_STEP][PASSED] - println(compareHighestValueFsaDeathVsAddcc): null&#xD;
&#xD;
2019-08-27 17:06:58 - [TEST_STEP][PASSED] - comment("Send request"): Send request&#xD;
&#xD;
2019-08-27 17:06:58 - [MESSAGE][INFO] - Send request&#xD;
&#xD;
2019-08-27 17:06:58 - [TEST_STEP][PASSED] - response = sendRequest(findTestObject("AlterationScoringRuleApps/Financial Non Employee/Non Ultimate/Object Request", ["transactionType":transactionType, "role":role, "increasingFsaFlag":increasingFsaFlag, "pecFlag":pecFlag, "occupationCode":occupationCode, ... ])): Send request successfully&#xD;
&#xD;
2019-08-27 17:06:58 - [MESSAGE][INFO] - HAR: C:\SURYAPURBA\PHS\PHS-BRMS\Reports\FinancialNonEmployee_NonUltimate\20190827_170649\requests\main\5.har&#xD;
&#xD;
2019-08-27 17:06:58 - [MESSAGE][PASSED] - Send request successfully&#xD;
&#xD;
2019-08-27 17:06:58 - [TEST_STEP][PASSED] - slurper = new groovy.json.JsonSlurper(): null&#xD;
&#xD;
2019-08-27 17:06:58 - [TEST_STEP][PASSED] - parseResponse = slurper.parseText(response.getResponseText()): null&#xD;
&#xD;
2019-08-27 17:06:58 - [TEST_STEP][PASSED] - println(parseResponse): null&#xD;
&#xD;
2019-08-27 17:06:58 - [TEST_STEP][PASSED] - attributes = evidenceCode: null&#xD;
&#xD;
2019-08-27 17:06:58 - [TEST_STEP][PASSED] - expected = description == "Butuh LSAR, ABR": null&#xD;
&#xD;
2019-08-27 17:06:58 - [TEST_STEP][PASSED] - comment("Verify evidence code is FE4 and have description "Butuh LSAR, ABR""): Verify evidence code is FE4 and have description "Butuh LSAR, ABR"&#xD;
&#xD;
2019-08-27 17:06:58 - [MESSAGE][INFO] - Verify evidence code is FE4 and have description "Butuh LSAR, ABR"&#xD;
&#xD;
2019-08-27 17:06:58 - [TEST_STEP][PASSED] - verifyEqual(expected, true): Actual object 'true' and expected object 'true' are equal&#xD;
&#xD;
2019-08-27 17:06:58 - [MESSAGE][PASSED] - Actual object 'true' and expected object 'true' are equal&#xD;
&#xD;
2019-08-27 17:06:58 - [TEST_STEP][PASSED] - comment("Verify response status code"): Verify response status code&#xD;
&#xD;
2019-08-27 17:06:58 - [MESSAGE][INFO] - Verify response status code&#xD;
&#xD;
2019-08-27 17:06:58 - [TEST_STEP][PASSED] - verifyResponseStatusCode(response, 200): Verify response status code successfully&#xD;
&#xD;
2019-08-27 17:06:58 - [MESSAGE][PASSED] - Verify response status code successfully&#xD;
&#xD;
2019-08-27 17:06:58 - [TEST_STEP][PASSED] - Start listener action : sampleAfterTestCase: null</system-out>
            <system-err></system-err>
        </testcase>
        <testcase name="Test Cases/AlterationScoringRuleApps/Financial Non Employee/Non Ultimate/FE4/TC-1 USD FE4" classname="Test Cases/AlterationScoringRuleApps/Financial Non Employee/Non Ultimate/FE4/TC-1 USD FE4" status="PASSED">
            <system-out>2019-08-27 17:06:58 - [TEST_CASE][PASSED] - Test Cases/AlterationScoringRuleApps/Financial Non Employee/Non Ultimate/FE4/TC-1 USD FE4: Test Cases/AlterationScoringRuleApps/Financial Non Employee/Non Ultimate/FE4/TC-1 USD FE4&#xD;
&#xD;
2019-08-27 17:06:58 - [TEST_STEP][PASSED] - random = new java.util.Random(): null&#xD;
&#xD;
2019-08-27 17:06:58 - [TEST_STEP][PASSED] - compareHighestValueFsaDeathVsAddccMax = 1875000: null&#xD;
&#xD;
2019-08-27 17:06:58 - [TEST_STEP][PASSED] - compareHighestValueFsaDeathVsAddccMin = 625001: null&#xD;
&#xD;
2019-08-27 17:06:58 - [TEST_STEP][PASSED] - compareHighestValueFsaDeathVsAddcc = random.nextInt(compareHighestValueFsaDeathVsAddccMax - compareHighestValueFsaDeathVsAddccMin) + compareHighestValueFsaDeathVsAddccMin: null&#xD;
&#xD;
2019-08-27 17:06:58 - [TEST_STEP][PASSED] - println(compareHighestValueFsaDeathVsAddcc): null&#xD;
&#xD;
2019-08-27 17:06:58 - [TEST_STEP][PASSED] - comment("Send request"): Send request&#xD;
&#xD;
2019-08-27 17:06:58 - [MESSAGE][INFO] - Send request&#xD;
&#xD;
2019-08-27 17:06:58 - [TEST_STEP][PASSED] - response = sendRequest(findTestObject("AlterationScoringRuleApps/Financial Non Employee/Non Ultimate/Object Request", ["transactionType":transactionType, "role":role, "increasingFsaFlag":increasingFsaFlag, "pecFlag":pecFlag, "occupationCode":occupationCode, ... ])): Send request successfully&#xD;
&#xD;
2019-08-27 17:06:58 - [MESSAGE][INFO] - HAR: C:\SURYAPURBA\PHS\PHS-BRMS\Reports\FinancialNonEmployee_NonUltimate\20190827_170649\requests\main\6.har&#xD;
&#xD;
2019-08-27 17:06:58 - [MESSAGE][PASSED] - Send request successfully&#xD;
&#xD;
2019-08-27 17:06:58 - [TEST_STEP][PASSED] - slurper = new groovy.json.JsonSlurper(): null&#xD;
&#xD;
2019-08-27 17:06:58 - [TEST_STEP][PASSED] - parseResponse = slurper.parseText(response.getResponseText()): null&#xD;
&#xD;
2019-08-27 17:06:58 - [TEST_STEP][PASSED] - println(parseResponse): null&#xD;
&#xD;
2019-08-27 17:06:58 - [TEST_STEP][PASSED] - attributes = evidenceCode: null&#xD;
&#xD;
2019-08-27 17:06:59 - [TEST_STEP][PASSED] - expected = description == "Butuh LSAR, ABR": null&#xD;
&#xD;
2019-08-27 17:06:59 - [TEST_STEP][PASSED] - comment("Verify evidence code is FE4 and have description "Butuh LSAR, ABR""): Verify evidence code is FE4 and have description "Butuh LSAR, ABR"&#xD;
&#xD;
2019-08-27 17:06:59 - [MESSAGE][INFO] - Verify evidence code is FE4 and have description "Butuh LSAR, ABR"&#xD;
&#xD;
2019-08-27 17:06:59 - [TEST_STEP][PASSED] - verifyEqual(expected, true): Actual object 'true' and expected object 'true' are equal&#xD;
&#xD;
2019-08-27 17:06:59 - [MESSAGE][PASSED] - Actual object 'true' and expected object 'true' are equal&#xD;
&#xD;
2019-08-27 17:06:59 - [TEST_STEP][PASSED] - comment("Verify response status code"): Verify response status code&#xD;
&#xD;
2019-08-27 17:06:59 - [MESSAGE][INFO] - Verify response status code&#xD;
&#xD;
2019-08-27 17:06:59 - [TEST_STEP][PASSED] - verifyResponseStatusCode(response, 200): Verify response status code successfully&#xD;
&#xD;
2019-08-27 17:06:59 - [MESSAGE][PASSED] - Verify response status code successfully&#xD;
&#xD;
2019-08-27 17:06:59 - [TEST_STEP][PASSED] - Start listener action : sampleAfterTestCase: null</system-out>
            <system-err></system-err>
        </testcase>
        <testcase name="Test Cases/AlterationScoringRuleApps/Financial Non Employee/Non Ultimate/FE4/TC-1 USD FE4" classname="Test Cases/AlterationScoringRuleApps/Financial Non Employee/Non Ultimate/FE4/TC-1 USD FE4" status="PASSED">
            <system-out>2019-08-27 17:06:59 - [TEST_CASE][PASSED] - Test Cases/AlterationScoringRuleApps/Financial Non Employee/Non Ultimate/FE4/TC-1 USD FE4: Test Cases/AlterationScoringRuleApps/Financial Non Employee/Non Ultimate/FE4/TC-1 USD FE4&#xD;
&#xD;
2019-08-27 17:06:59 - [TEST_STEP][PASSED] - random = new java.util.Random(): null&#xD;
&#xD;
2019-08-27 17:06:59 - [TEST_STEP][PASSED] - compareHighestValueFsaDeathVsAddccMax = 1875000: null&#xD;
&#xD;
2019-08-27 17:06:59 - [TEST_STEP][PASSED] - compareHighestValueFsaDeathVsAddccMin = 625001: null&#xD;
&#xD;
2019-08-27 17:06:59 - [TEST_STEP][PASSED] - compareHighestValueFsaDeathVsAddcc = random.nextInt(compareHighestValueFsaDeathVsAddccMax - compareHighestValueFsaDeathVsAddccMin) + compareHighestValueFsaDeathVsAddccMin: null&#xD;
&#xD;
2019-08-27 17:06:59 - [TEST_STEP][PASSED] - println(compareHighestValueFsaDeathVsAddcc): null&#xD;
&#xD;
2019-08-27 17:06:59 - [TEST_STEP][PASSED] - comment("Send request"): Send request&#xD;
&#xD;
2019-08-27 17:06:59 - [MESSAGE][INFO] - Send request&#xD;
&#xD;
2019-08-27 17:06:59 - [TEST_STEP][PASSED] - response = sendRequest(findTestObject("AlterationScoringRuleApps/Financial Non Employee/Non Ultimate/Object Request", ["transactionType":transactionType, "role":role, "increasingFsaFlag":increasingFsaFlag, "pecFlag":pecFlag, "occupationCode":occupationCode, ... ])): Send request successfully&#xD;
&#xD;
2019-08-27 17:06:59 - [MESSAGE][INFO] - HAR: C:\SURYAPURBA\PHS\PHS-BRMS\Reports\FinancialNonEmployee_NonUltimate\20190827_170649\requests\main\7.har&#xD;
&#xD;
2019-08-27 17:06:59 - [MESSAGE][PASSED] - Send request successfully&#xD;
&#xD;
2019-08-27 17:06:59 - [TEST_STEP][PASSED] - slurper = new groovy.json.JsonSlurper(): null&#xD;
&#xD;
2019-08-27 17:06:59 - [TEST_STEP][PASSED] - parseResponse = slurper.parseText(response.getResponseText()): null&#xD;
&#xD;
2019-08-27 17:06:59 - [TEST_STEP][PASSED] - println(parseResponse): null&#xD;
&#xD;
2019-08-27 17:06:59 - [TEST_STEP][PASSED] - attributes = evidenceCode: null&#xD;
&#xD;
2019-08-27 17:06:59 - [TEST_STEP][PASSED] - expected = description == "Butuh LSAR, ABR": null&#xD;
&#xD;
2019-08-27 17:06:59 - [TEST_STEP][PASSED] - comment("Verify evidence code is FE4 and have description "Butuh LSAR, ABR""): Verify evidence code is FE4 and have description "Butuh LSAR, ABR"&#xD;
&#xD;
2019-08-27 17:06:59 - [MESSAGE][INFO] - Verify evidence code is FE4 and have description "Butuh LSAR, ABR"&#xD;
&#xD;
2019-08-27 17:06:59 - [TEST_STEP][PASSED] - verifyEqual(expected, true): Actual object 'true' and expected object 'true' are equal&#xD;
&#xD;
2019-08-27 17:06:59 - [MESSAGE][PASSED] - Actual object 'true' and expected object 'true' are equal&#xD;
&#xD;
2019-08-27 17:06:59 - [TEST_STEP][PASSED] - comment("Verify response status code"): Verify response status code&#xD;
&#xD;
2019-08-27 17:06:59 - [MESSAGE][INFO] - Verify response status code&#xD;
&#xD;
2019-08-27 17:06:59 - [TEST_STEP][PASSED] - verifyResponseStatusCode(response, 200): Verify response status code successfully&#xD;
&#xD;
2019-08-27 17:06:59 - [MESSAGE][PASSED] - Verify response status code successfully&#xD;
&#xD;
2019-08-27 17:06:59 - [TEST_STEP][PASSED] - Start listener action : sampleAfterTestCase: null</system-out>
            <system-err></system-err>
        </testcase>
        <testcase name="Test Cases/AlterationScoringRuleApps/Financial Non Employee/Non Ultimate/FE4/TC-1 USD FE4" classname="Test Cases/AlterationScoringRuleApps/Financial Non Employee/Non Ultimate/FE4/TC-1 USD FE4" status="PASSED">
            <system-out>2019-08-27 17:06:59 - [TEST_CASE][PASSED] - Test Cases/AlterationScoringRuleApps/Financial Non Employee/Non Ultimate/FE4/TC-1 USD FE4: Test Cases/AlterationScoringRuleApps/Financial Non Employee/Non Ultimate/FE4/TC-1 USD FE4&#xD;
&#xD;
2019-08-27 17:06:59 - [TEST_STEP][PASSED] - random = new java.util.Random(): null&#xD;
&#xD;
2019-08-27 17:06:59 - [TEST_STEP][PASSED] - compareHighestValueFsaDeathVsAddccMax = 1875000: null&#xD;
&#xD;
2019-08-27 17:06:59 - [TEST_STEP][PASSED] - compareHighestValueFsaDeathVsAddccMin = 625001: null&#xD;
&#xD;
2019-08-27 17:07:00 - [TEST_STEP][PASSED] - compareHighestValueFsaDeathVsAddcc = random.nextInt(compareHighestValueFsaDeathVsAddccMax - compareHighestValueFsaDeathVsAddccMin) + compareHighestValueFsaDeathVsAddccMin: null&#xD;
&#xD;
2019-08-27 17:07:00 - [TEST_STEP][PASSED] - println(compareHighestValueFsaDeathVsAddcc): null&#xD;
&#xD;
2019-08-27 17:07:00 - [TEST_STEP][PASSED] - comment("Send request"): Send request&#xD;
&#xD;
2019-08-27 17:07:00 - [MESSAGE][INFO] - Send request&#xD;
&#xD;
2019-08-27 17:07:00 - [TEST_STEP][PASSED] - response = sendRequest(findTestObject("AlterationScoringRuleApps/Financial Non Employee/Non Ultimate/Object Request", ["transactionType":transactionType, "role":role, "increasingFsaFlag":increasingFsaFlag, "pecFlag":pecFlag, "occupationCode":occupationCode, ... ])): Send request successfully&#xD;
&#xD;
2019-08-27 17:07:00 - [MESSAGE][INFO] - HAR: C:\SURYAPURBA\PHS\PHS-BRMS\Reports\FinancialNonEmployee_NonUltimate\20190827_170649\requests\main\8.har&#xD;
&#xD;
2019-08-27 17:07:00 - [MESSAGE][PASSED] - Send request successfully&#xD;
&#xD;
2019-08-27 17:07:00 - [TEST_STEP][PASSED] - slurper = new groovy.json.JsonSlurper(): null&#xD;
&#xD;
2019-08-27 17:07:00 - [TEST_STEP][PASSED] - parseResponse = slurper.parseText(response.getResponseText()): null&#xD;
&#xD;
2019-08-27 17:07:00 - [TEST_STEP][PASSED] - println(parseResponse): null&#xD;
&#xD;
2019-08-27 17:07:00 - [TEST_STEP][PASSED] - attributes = evidenceCode: null&#xD;
&#xD;
2019-08-27 17:07:00 - [TEST_STEP][PASSED] - expected = description == "Butuh LSAR, ABR": null&#xD;
&#xD;
2019-08-27 17:07:00 - [TEST_STEP][PASSED] - comment("Verify evidence code is FE4 and have description "Butuh LSAR, ABR""): Verify evidence code is FE4 and have description "Butuh LSAR, ABR"&#xD;
&#xD;
2019-08-27 17:07:00 - [MESSAGE][INFO] - Verify evidence code is FE4 and have description "Butuh LSAR, ABR"&#xD;
&#xD;
2019-08-27 17:07:00 - [TEST_STEP][PASSED] - verifyEqual(expected, true): Actual object 'true' and expected object 'true' are equal&#xD;
&#xD;
2019-08-27 17:07:00 - [MESSAGE][PASSED] - Actual object 'true' and expected object 'true' are equal&#xD;
&#xD;
2019-08-27 17:07:00 - [TEST_STEP][PASSED] - comment("Verify response status code"): Verify response status code&#xD;
&#xD;
2019-08-27 17:07:00 - [MESSAGE][INFO] - Verify response status code&#xD;
&#xD;
2019-08-27 17:07:00 - [TEST_STEP][PASSED] - verifyResponseStatusCode(response, 200): Verify response status code successfully&#xD;
&#xD;
2019-08-27 17:07:00 - [MESSAGE][PASSED] - Verify response status code successfully&#xD;
&#xD;
2019-08-27 17:07:00 - [TEST_STEP][PASSED] - Start listener action : sampleAfterTestCase: null</system-out>
            <system-err></system-err>
        </testcase>
        <testcase name="Test Cases/AlterationScoringRuleApps/Financial Non Employee/Non Ultimate/FE4/TC-1 USD FE4" classname="Test Cases/AlterationScoringRuleApps/Financial Non Employee/Non Ultimate/FE4/TC-1 USD FE4" status="PASSED">
            <system-out>2019-08-27 17:07:00 - [TEST_CASE][PASSED] - Test Cases/AlterationScoringRuleApps/Financial Non Employee/Non Ultimate/FE4/TC-1 USD FE4: Test Cases/AlterationScoringRuleApps/Financial Non Employee/Non Ultimate/FE4/TC-1 USD FE4&#xD;
&#xD;
2019-08-27 17:07:00 - [TEST_STEP][PASSED] - random = new java.util.Random(): null&#xD;
&#xD;
2019-08-27 17:07:00 - [TEST_STEP][PASSED] - compareHighestValueFsaDeathVsAddccMax = 1875000: null&#xD;
&#xD;
2019-08-27 17:07:00 - [TEST_STEP][PASSED] - compareHighestValueFsaDeathVsAddccMin = 625001: null&#xD;
&#xD;
2019-08-27 17:07:00 - [TEST_STEP][PASSED] - compareHighestValueFsaDeathVsAddcc = random.nextInt(compareHighestValueFsaDeathVsAddccMax - compareHighestValueFsaDeathVsAddccMin) + compareHighestValueFsaDeathVsAddccMin: null&#xD;
&#xD;
2019-08-27 17:07:00 - [TEST_STEP][PASSED] - println(compareHighestValueFsaDeathVsAddcc): null&#xD;
&#xD;
2019-08-27 17:07:00 - [TEST_STEP][PASSED] - comment("Send request"): Send request&#xD;
&#xD;
2019-08-27 17:07:00 - [MESSAGE][INFO] - Send request&#xD;
&#xD;
2019-08-27 17:07:00 - [TEST_STEP][PASSED] - response = sendRequest(findTestObject("AlterationScoringRuleApps/Financial Non Employee/Non Ultimate/Object Request", ["transactionType":transactionType, "role":role, "increasingFsaFlag":increasingFsaFlag, "pecFlag":pecFlag, "occupationCode":occupationCode, ... ])): Send request successfully&#xD;
&#xD;
2019-08-27 17:07:00 - [MESSAGE][INFO] - HAR: C:\SURYAPURBA\PHS\PHS-BRMS\Reports\FinancialNonEmployee_NonUltimate\20190827_170649\requests\main\9.har&#xD;
&#xD;
2019-08-27 17:07:01 - [MESSAGE][PASSED] - Send request successfully&#xD;
&#xD;
2019-08-27 17:07:01 - [TEST_STEP][PASSED] - slurper = new groovy.json.JsonSlurper(): null&#xD;
&#xD;
2019-08-27 17:07:01 - [TEST_STEP][PASSED] - parseResponse = slurper.parseText(response.getResponseText()): null&#xD;
&#xD;
2019-08-27 17:07:01 - [TEST_STEP][PASSED] - println(parseResponse): null&#xD;
&#xD;
2019-08-27 17:07:01 - [TEST_STEP][PASSED] - attributes = evidenceCode: null&#xD;
&#xD;
2019-08-27 17:07:01 - [TEST_STEP][PASSED] - expected = description == "Butuh LSAR, ABR": null&#xD;
&#xD;
2019-08-27 17:07:01 - [TEST_STEP][PASSED] - comment("Verify evidence code is FE4 and have description "Butuh LSAR, ABR""): Verify evidence code is FE4 and have description "Butuh LSAR, ABR"&#xD;
&#xD;
2019-08-27 17:07:01 - [MESSAGE][INFO] - Verify evidence code is FE4 and have description "Butuh LSAR, ABR"&#xD;
&#xD;
2019-08-27 17:07:01 - [TEST_STEP][PASSED] - verifyEqual(expected, true): Actual object 'true' and expected object 'true' are equal&#xD;
&#xD;
2019-08-27 17:07:01 - [MESSAGE][PASSED] - Actual object 'true' and expected object 'true' are equal&#xD;
&#xD;
2019-08-27 17:07:01 - [TEST_STEP][PASSED] - comment("Verify response status code"): Verify response status code&#xD;
&#xD;
2019-08-27 17:07:01 - [MESSAGE][INFO] - Verify response status code&#xD;
&#xD;
2019-08-27 17:07:01 - [TEST_STEP][PASSED] - verifyResponseStatusCode(response, 200): Verify response status code successfully&#xD;
&#xD;
2019-08-27 17:07:01 - [MESSAGE][PASSED] - Verify response status code successfully&#xD;
&#xD;
2019-08-27 17:07:01 - [TEST_STEP][PASSED] - Start listener action : sampleAfterTestCase: null</system-out>
            <system-err></system-err>
        </testcase>
        <testcase name="Test Cases/AlterationScoringRuleApps/Financial Non Employee/Non Ultimate/FE4/TC-1 USD FE4" classname="Test Cases/AlterationScoringRuleApps/Financial Non Employee/Non Ultimate/FE4/TC-1 USD FE4" status="PASSED">
            <system-out>2019-08-27 17:07:01 - [TEST_CASE][PASSED] - Test Cases/AlterationScoringRuleApps/Financial Non Employee/Non Ultimate/FE4/TC-1 USD FE4: Test Cases/AlterationScoringRuleApps/Financial Non Employee/Non Ultimate/FE4/TC-1 USD FE4&#xD;
&#xD;
2019-08-27 17:07:01 - [TEST_STEP][PASSED] - random = new java.util.Random(): null&#xD;
&#xD;
2019-08-27 17:07:01 - [TEST_STEP][PASSED] - compareHighestValueFsaDeathVsAddccMax = 1875000: null&#xD;
&#xD;
2019-08-27 17:07:01 - [TEST_STEP][PASSED] - compareHighestValueFsaDeathVsAddccMin = 625001: null&#xD;
&#xD;
2019-08-27 17:07:01 - [TEST_STEP][PASSED] - compareHighestValueFsaDeathVsAddcc = random.nextInt(compareHighestValueFsaDeathVsAddccMax - compareHighestValueFsaDeathVsAddccMin) + compareHighestValueFsaDeathVsAddccMin: null&#xD;
&#xD;
2019-08-27 17:07:01 - [TEST_STEP][PASSED] - println(compareHighestValueFsaDeathVsAddcc): null&#xD;
&#xD;
2019-08-27 17:07:01 - [TEST_STEP][PASSED] - comment("Send request"): Send request&#xD;
&#xD;
2019-08-27 17:07:01 - [MESSAGE][INFO] - Send request&#xD;
&#xD;
2019-08-27 17:07:01 - [TEST_STEP][PASSED] - response = sendRequest(findTestObject("AlterationScoringRuleApps/Financial Non Employee/Non Ultimate/Object Request", ["transactionType":transactionType, "role":role, "increasingFsaFlag":increasingFsaFlag, "pecFlag":pecFlag, "occupationCode":occupationCode, ... ])): Send request successfully&#xD;
&#xD;
2019-08-27 17:07:01 - [MESSAGE][INFO] - HAR: C:\SURYAPURBA\PHS\PHS-BRMS\Reports\FinancialNonEmployee_NonUltimate\20190827_170649\requests\main\10.har&#xD;
&#xD;
2019-08-27 17:07:01 - [MESSAGE][PASSED] - Send request successfully&#xD;
&#xD;
2019-08-27 17:07:01 - [TEST_STEP][PASSED] - slurper = new groovy.json.JsonSlurper(): null&#xD;
&#xD;
2019-08-27 17:07:01 - [TEST_STEP][PASSED] - parseResponse = slurper.parseText(response.getResponseText()): null&#xD;
&#xD;
2019-08-27 17:07:01 - [TEST_STEP][PASSED] - println(parseResponse): null&#xD;
&#xD;
2019-08-27 17:07:01 - [TEST_STEP][PASSED] - attributes = evidenceCode: null&#xD;
&#xD;
2019-08-27 17:07:01 - [TEST_STEP][PASSED] - expected = description == "Butuh LSAR, ABR": null&#xD;
&#xD;
2019-08-27 17:07:01 - [TEST_STEP][PASSED] - comment("Verify evidence code is FE4 and have description "Butuh LSAR, ABR""): Verify evidence code is FE4 and have description "Butuh LSAR, ABR"&#xD;
&#xD;
2019-08-27 17:07:01 - [MESSAGE][INFO] - Verify evidence code is FE4 and have description "Butuh LSAR, ABR"&#xD;
&#xD;
2019-08-27 17:07:01 - [TEST_STEP][PASSED] - verifyEqual(expected, true): Actual object 'true' and expected object 'true' are equal&#xD;
&#xD;
2019-08-27 17:07:01 - [MESSAGE][PASSED] - Actual object 'true' and expected object 'true' are equal&#xD;
&#xD;
2019-08-27 17:07:01 - [TEST_STEP][PASSED] - comment("Verify response status code"): Verify response status code&#xD;
&#xD;
2019-08-27 17:07:01 - [MESSAGE][INFO] - Verify response status code&#xD;
&#xD;
2019-08-27 17:07:01 - [TEST_STEP][PASSED] - verifyResponseStatusCode(response, 200): Verify response status code successfully&#xD;
&#xD;
2019-08-27 17:07:01 - [MESSAGE][PASSED] - Verify response status code successfully&#xD;
&#xD;
2019-08-27 17:07:01 - [TEST_STEP][PASSED] - Start listener action : sampleAfterTestCase: null</system-out>
            <system-err></system-err>
        </testcase>
        <testcase name="Test Cases/AlterationScoringRuleApps/Financial Non Employee/Non Ultimate/FE4/TC-1 USD FE4" classname="Test Cases/AlterationScoringRuleApps/Financial Non Employee/Non Ultimate/FE4/TC-1 USD FE4" status="PASSED">
            <system-out>2019-08-27 17:07:01 - [TEST_CASE][PASSED] - Test Cases/AlterationScoringRuleApps/Financial Non Employee/Non Ultimate/FE4/TC-1 USD FE4: Test Cases/AlterationScoringRuleApps/Financial Non Employee/Non Ultimate/FE4/TC-1 USD FE4&#xD;
&#xD;
2019-08-27 17:07:02 - [TEST_STEP][PASSED] - random = new java.util.Random(): null&#xD;
&#xD;
2019-08-27 17:07:02 - [TEST_STEP][PASSED] - compareHighestValueFsaDeathVsAddccMax = 1875000: null&#xD;
&#xD;
2019-08-27 17:07:02 - [TEST_STEP][PASSED] - compareHighestValueFsaDeathVsAddccMin = 625001: null&#xD;
&#xD;
2019-08-27 17:07:02 - [TEST_STEP][PASSED] - compareHighestValueFsaDeathVsAddcc = random.nextInt(compareHighestValueFsaDeathVsAddccMax - compareHighestValueFsaDeathVsAddccMin) + compareHighestValueFsaDeathVsAddccMin: null&#xD;
&#xD;
2019-08-27 17:07:02 - [TEST_STEP][PASSED] - println(compareHighestValueFsaDeathVsAddcc): null&#xD;
&#xD;
2019-08-27 17:07:02 - [TEST_STEP][PASSED] - comment("Send request"): Send request&#xD;
&#xD;
2019-08-27 17:07:02 - [MESSAGE][INFO] - Send request&#xD;
&#xD;
2019-08-27 17:07:02 - [TEST_STEP][PASSED] - response = sendRequest(findTestObject("AlterationScoringRuleApps/Financial Non Employee/Non Ultimate/Object Request", ["transactionType":transactionType, "role":role, "increasingFsaFlag":increasingFsaFlag, "pecFlag":pecFlag, "occupationCode":occupationCode, ... ])): Send request successfully&#xD;
&#xD;
2019-08-27 17:07:02 - [MESSAGE][INFO] - HAR: C:\SURYAPURBA\PHS\PHS-BRMS\Reports\FinancialNonEmployee_NonUltimate\20190827_170649\requests\main\11.har&#xD;
&#xD;
2019-08-27 17:07:02 - [MESSAGE][PASSED] - Send request successfully&#xD;
&#xD;
2019-08-27 17:07:02 - [TEST_STEP][PASSED] - slurper = new groovy.json.JsonSlurper(): null&#xD;
&#xD;
2019-08-27 17:07:02 - [TEST_STEP][PASSED] - parseResponse = slurper.parseText(response.getResponseText()): null&#xD;
&#xD;
2019-08-27 17:07:02 - [TEST_STEP][PASSED] - println(parseResponse): null&#xD;
&#xD;
2019-08-27 17:07:02 - [TEST_STEP][PASSED] - attributes = evidenceCode: null&#xD;
&#xD;
2019-08-27 17:07:02 - [TEST_STEP][PASSED] - expected = description == "Butuh LSAR, ABR": null&#xD;
&#xD;
2019-08-27 17:07:02 - [TEST_STEP][PASSED] - comment("Verify evidence code is FE4 and have description "Butuh LSAR, ABR""): Verify evidence code is FE4 and have description "Butuh LSAR, ABR"&#xD;
&#xD;
2019-08-27 17:07:02 - [MESSAGE][INFO] - Verify evidence code is FE4 and have description "Butuh LSAR, ABR"&#xD;
&#xD;
2019-08-27 17:07:02 - [TEST_STEP][PASSED] - verifyEqual(expected, true): Actual object 'true' and expected object 'true' are equal&#xD;
&#xD;
2019-08-27 17:07:02 - [MESSAGE][PASSED] - Actual object 'true' and expected object 'true' are equal&#xD;
&#xD;
2019-08-27 17:07:02 - [TEST_STEP][PASSED] - comment("Verify response status code"): Verify response status code&#xD;
&#xD;
2019-08-27 17:07:02 - [MESSAGE][INFO] - Verify response status code&#xD;
&#xD;
2019-08-27 17:07:02 - [TEST_STEP][PASSED] - verifyResponseStatusCode(response, 200): Verify response status code successfully&#xD;
&#xD;
2019-08-27 17:07:02 - [MESSAGE][PASSED] - Verify response status code successfully&#xD;
&#xD;
2019-08-27 17:07:02 - [TEST_STEP][PASSED] - Start listener action : sampleAfterTestCase: null</system-out>
            <system-err></system-err>
        </testcase>
        <testcase name="Test Cases/AlterationScoringRuleApps/Financial Non Employee/Non Ultimate/FE4/TC-1 USD FE4" classname="Test Cases/AlterationScoringRuleApps/Financial Non Employee/Non Ultimate/FE4/TC-1 USD FE4" status="PASSED">
            <system-out>2019-08-27 17:07:02 - [TEST_CASE][PASSED] - Test Cases/AlterationScoringRuleApps/Financial Non Employee/Non Ultimate/FE4/TC-1 USD FE4: Test Cases/AlterationScoringRuleApps/Financial Non Employee/Non Ultimate/FE4/TC-1 USD FE4&#xD;
&#xD;
2019-08-27 17:07:02 - [TEST_STEP][PASSED] - random = new java.util.Random(): null&#xD;
&#xD;
2019-08-27 17:07:02 - [TEST_STEP][PASSED] - compareHighestValueFsaDeathVsAddccMax = 1875000: null&#xD;
&#xD;
2019-08-27 17:07:02 - [TEST_STEP][PASSED] - compareHighestValueFsaDeathVsAddccMin = 625001: null&#xD;
&#xD;
2019-08-27 17:07:02 - [TEST_STEP][PASSED] - compareHighestValueFsaDeathVsAddcc = random.nextInt(compareHighestValueFsaDeathVsAddccMax - compareHighestValueFsaDeathVsAddccMin) + compareHighestValueFsaDeathVsAddccMin: null&#xD;
&#xD;
2019-08-27 17:07:02 - [TEST_STEP][PASSED] - println(compareHighestValueFsaDeathVsAddcc): null&#xD;
&#xD;
2019-08-27 17:07:02 - [TEST_STEP][PASSED] - comment("Send request"): Send request&#xD;
&#xD;
2019-08-27 17:07:02 - [MESSAGE][INFO] - Send request&#xD;
&#xD;
2019-08-27 17:07:02 - [TEST_STEP][PASSED] - response = sendRequest(findTestObject("AlterationScoringRuleApps/Financial Non Employee/Non Ultimate/Object Request", ["transactionType":transactionType, "role":role, "increasingFsaFlag":increasingFsaFlag, "pecFlag":pecFlag, "occupationCode":occupationCode, ... ])): Send request successfully&#xD;
&#xD;
2019-08-27 17:07:02 - [MESSAGE][INFO] - HAR: C:\SURYAPURBA\PHS\PHS-BRMS\Reports\FinancialNonEmployee_NonUltimate\20190827_170649\requests\main\12.har&#xD;
&#xD;
2019-08-27 17:07:02 - [MESSAGE][PASSED] - Send request successfully&#xD;
&#xD;
2019-08-27 17:07:02 - [TEST_STEP][PASSED] - slurper = new groovy.json.JsonSlurper(): null&#xD;
&#xD;
2019-08-27 17:07:02 - [TEST_STEP][PASSED] - parseResponse = slurper.parseText(response.getResponseText()): null&#xD;
&#xD;
2019-08-27 17:07:02 - [TEST_STEP][PASSED] - println(parseResponse): null&#xD;
&#xD;
2019-08-27 17:07:03 - [TEST_STEP][PASSED] - attributes = evidenceCode: null&#xD;
&#xD;
2019-08-27 17:07:03 - [TEST_STEP][PASSED] - expected = description == "Butuh LSAR, ABR": null&#xD;
&#xD;
2019-08-27 17:07:03 - [TEST_STEP][PASSED] - comment("Verify evidence code is FE4 and have description "Butuh LSAR, ABR""): Verify evidence code is FE4 and have description "Butuh LSAR, ABR"&#xD;
&#xD;
2019-08-27 17:07:03 - [MESSAGE][INFO] - Verify evidence code is FE4 and have description "Butuh LSAR, ABR"&#xD;
&#xD;
2019-08-27 17:07:03 - [TEST_STEP][PASSED] - verifyEqual(expected, true): Actual object 'true' and expected object 'true' are equal&#xD;
&#xD;
2019-08-27 17:07:03 - [MESSAGE][PASSED] - Actual object 'true' and expected object 'true' are equal&#xD;
&#xD;
2019-08-27 17:07:03 - [TEST_STEP][PASSED] - comment("Verify response status code"): Verify response status code&#xD;
&#xD;
2019-08-27 17:07:03 - [MESSAGE][INFO] - Verify response status code&#xD;
&#xD;
2019-08-27 17:07:03 - [TEST_STEP][PASSED] - verifyResponseStatusCode(response, 200): Verify response status code successfully&#xD;
&#xD;
2019-08-27 17:07:03 - [MESSAGE][PASSED] - Verify response status code successfully&#xD;
&#xD;
2019-08-27 17:07:03 - [TEST_STEP][PASSED] - Start listener action : sampleAfterTestCase: null</system-out>
            <system-err></system-err>
        </testcase>
        <testcase name="Test Cases/AlterationScoringRuleApps/Financial Non Employee/Non Ultimate/FE4/TC-1 USD FE4" classname="Test Cases/AlterationScoringRuleApps/Financial Non Employee/Non Ultimate/FE4/TC-1 USD FE4" status="PASSED">
            <system-out>2019-08-27 17:07:03 - [TEST_CASE][PASSED] - Test Cases/AlterationScoringRuleApps/Financial Non Employee/Non Ultimate/FE4/TC-1 USD FE4: Test Cases/AlterationScoringRuleApps/Financial Non Employee/Non Ultimate/FE4/TC-1 USD FE4&#xD;
&#xD;
2019-08-27 17:07:03 - [TEST_STEP][PASSED] - random = new java.util.Random(): null&#xD;
&#xD;
2019-08-27 17:07:03 - [TEST_STEP][PASSED] - compareHighestValueFsaDeathVsAddccMax = 1875000: null&#xD;
&#xD;
2019-08-27 17:07:03 - [TEST_STEP][PASSED] - compareHighestValueFsaDeathVsAddccMin = 625001: null&#xD;
&#xD;
2019-08-27 17:07:03 - [TEST_STEP][PASSED] - compareHighestValueFsaDeathVsAddcc = random.nextInt(compareHighestValueFsaDeathVsAddccMax - compareHighestValueFsaDeathVsAddccMin) + compareHighestValueFsaDeathVsAddccMin: null&#xD;
&#xD;
2019-08-27 17:07:03 - [TEST_STEP][PASSED] - println(compareHighestValueFsaDeathVsAddcc): null&#xD;
&#xD;
2019-08-27 17:07:03 - [TEST_STEP][PASSED] - comment("Send request"): Send request&#xD;
&#xD;
2019-08-27 17:07:03 - [MESSAGE][INFO] - Send request&#xD;
&#xD;
2019-08-27 17:07:03 - [TEST_STEP][PASSED] - response = sendRequest(findTestObject("AlterationScoringRuleApps/Financial Non Employee/Non Ultimate/Object Request", ["transactionType":transactionType, "role":role, "increasingFsaFlag":increasingFsaFlag, "pecFlag":pecFlag, "occupationCode":occupationCode, ... ])): Send request successfully&#xD;
&#xD;
2019-08-27 17:07:03 - [MESSAGE][INFO] - HAR: C:\SURYAPURBA\PHS\PHS-BRMS\Reports\FinancialNonEmployee_NonUltimate\20190827_170649\requests\main\13.har&#xD;
&#xD;
2019-08-27 17:07:03 - [MESSAGE][PASSED] - Send request successfully&#xD;
&#xD;
2019-08-27 17:07:03 - [TEST_STEP][PASSED] - slurper = new groovy.json.JsonSlurper(): null&#xD;
&#xD;
2019-08-27 17:07:03 - [TEST_STEP][PASSED] - parseResponse = slurper.parseText(response.getResponseText()): null&#xD;
&#xD;
2019-08-27 17:07:03 - [TEST_STEP][PASSED] - println(parseResponse): null&#xD;
&#xD;
2019-08-27 17:07:03 - [TEST_STEP][PASSED] - attributes = evidenceCode: null&#xD;
&#xD;
2019-08-27 17:07:03 - [TEST_STEP][PASSED] - expected = description == "Butuh LSAR, ABR": null&#xD;
&#xD;
2019-08-27 17:07:03 - [TEST_STEP][PASSED] - comment("Verify evidence code is FE4 and have description "Butuh LSAR, ABR""): Verify evidence code is FE4 and have description "Butuh LSAR, ABR"&#xD;
&#xD;
2019-08-27 17:07:03 - [MESSAGE][INFO] - Verify evidence code is FE4 and have description "Butuh LSAR, ABR"&#xD;
&#xD;
2019-08-27 17:07:03 - [TEST_STEP][PASSED] - verifyEqual(expected, true): Actual object 'true' and expected object 'true' are equal&#xD;
&#xD;
2019-08-27 17:07:03 - [MESSAGE][PASSED] - Actual object 'true' and expected object 'true' are equal&#xD;
&#xD;
2019-08-27 17:07:04 - [TEST_STEP][PASSED] - comment("Verify response status code"): Verify response status code&#xD;
&#xD;
2019-08-27 17:07:04 - [MESSAGE][INFO] - Verify response status code&#xD;
&#xD;
2019-08-27 17:07:04 - [TEST_STEP][PASSED] - verifyResponseStatusCode(response, 200): Verify response status code successfully&#xD;
&#xD;
2019-08-27 17:07:04 - [MESSAGE][PASSED] - Verify response status code successfully&#xD;
&#xD;
2019-08-27 17:07:04 - [TEST_STEP][PASSED] - Start listener action : sampleAfterTestCase: null</system-out>
            <system-err></system-err>
        </testcase>
        <testcase name="Test Cases/AlterationScoringRuleApps/Financial Non Employee/Non Ultimate/FE4/TC-1 USD FE4" classname="Test Cases/AlterationScoringRuleApps/Financial Non Employee/Non Ultimate/FE4/TC-1 USD FE4" status="PASSED">
            <system-out>2019-08-27 17:07:04 - [TEST_CASE][PASSED] - Test Cases/AlterationScoringRuleApps/Financial Non Employee/Non Ultimate/FE4/TC-1 USD FE4: Test Cases/AlterationScoringRuleApps/Financial Non Employee/Non Ultimate/FE4/TC-1 USD FE4&#xD;
&#xD;
2019-08-27 17:07:04 - [TEST_STEP][PASSED] - random = new java.util.Random(): null&#xD;
&#xD;
2019-08-27 17:07:04 - [TEST_STEP][PASSED] - compareHighestValueFsaDeathVsAddccMax = 1875000: null&#xD;
&#xD;
2019-08-27 17:07:04 - [TEST_STEP][PASSED] - compareHighestValueFsaDeathVsAddccMin = 625001: null&#xD;
&#xD;
2019-08-27 17:07:04 - [TEST_STEP][PASSED] - compareHighestValueFsaDeathVsAddcc = random.nextInt(compareHighestValueFsaDeathVsAddccMax - compareHighestValueFsaDeathVsAddccMin) + compareHighestValueFsaDeathVsAddccMin: null&#xD;
&#xD;
2019-08-27 17:07:04 - [TEST_STEP][PASSED] - println(compareHighestValueFsaDeathVsAddcc): null&#xD;
&#xD;
2019-08-27 17:07:04 - [TEST_STEP][PASSED] - comment("Send request"): Send request&#xD;
&#xD;
2019-08-27 17:07:04 - [MESSAGE][INFO] - Send request&#xD;
&#xD;
2019-08-27 17:07:04 - [TEST_STEP][PASSED] - response = sendRequest(findTestObject("AlterationScoringRuleApps/Financial Non Employee/Non Ultimate/Object Request", ["transactionType":transactionType, "role":role, "increasingFsaFlag":increasingFsaFlag, "pecFlag":pecFlag, "occupationCode":occupationCode, ... ])): Send request successfully&#xD;
&#xD;
2019-08-27 17:07:04 - [MESSAGE][INFO] - HAR: C:\SURYAPURBA\PHS\PHS-BRMS\Reports\FinancialNonEmployee_NonUltimate\20190827_170649\requests\main\14.har&#xD;
&#xD;
2019-08-27 17:07:04 - [MESSAGE][PASSED] - Send request successfully&#xD;
&#xD;
2019-08-27 17:07:04 - [TEST_STEP][PASSED] - slurper = new groovy.json.JsonSlurper(): null&#xD;
&#xD;
2019-08-27 17:07:04 - [TEST_STEP][PASSED] - parseResponse = slurper.parseText(response.getResponseText()): null&#xD;
&#xD;
2019-08-27 17:07:04 - [TEST_STEP][PASSED] - println(parseResponse): null&#xD;
&#xD;
2019-08-27 17:07:04 - [TEST_STEP][PASSED] - attributes = evidenceCode: null&#xD;
&#xD;
2019-08-27 17:07:04 - [TEST_STEP][PASSED] - expected = description == "Butuh LSAR, ABR": null&#xD;
&#xD;
2019-08-27 17:07:04 - [TEST_STEP][PASSED] - comment("Verify evidence code is FE4 and have description "Butuh LSAR, ABR""): Verify evidence code is FE4 and have description "Butuh LSAR, ABR"&#xD;
&#xD;
2019-08-27 17:07:04 - [MESSAGE][INFO] - Verify evidence code is FE4 and have description "Butuh LSAR, ABR"&#xD;
&#xD;
2019-08-27 17:07:04 - [TEST_STEP][PASSED] - verifyEqual(expected, true): Actual object 'true' and expected object 'true' are equal&#xD;
&#xD;
2019-08-27 17:07:04 - [MESSAGE][PASSED] - Actual object 'true' and expected object 'true' are equal&#xD;
&#xD;
2019-08-27 17:07:04 - [TEST_STEP][PASSED] - comment("Verify response status code"): Verify response status code&#xD;
&#xD;
2019-08-27 17:07:04 - [MESSAGE][INFO] - Verify response status code&#xD;
&#xD;
2019-08-27 17:07:04 - [TEST_STEP][PASSED] - verifyResponseStatusCode(response, 200): Verify response status code successfully&#xD;
&#xD;
2019-08-27 17:07:04 - [MESSAGE][PASSED] - Verify response status code successfully&#xD;
&#xD;
2019-08-27 17:07:04 - [TEST_STEP][PASSED] - Start listener action : sampleAfterTestCase: null</system-out>
            <system-err></system-err>
        </testcase>
        <testcase name="Test Cases/AlterationScoringRuleApps/Financial Non Employee/Non Ultimate/FE4/TC-1 USD FE4" classname="Test Cases/AlterationScoringRuleApps/Financial Non Employee/Non Ultimate/FE4/TC-1 USD FE4" status="PASSED">
            <system-out>2019-08-27 17:07:04 - [TEST_CASE][PASSED] - Test Cases/AlterationScoringRuleApps/Financial Non Employee/Non Ultimate/FE4/TC-1 USD FE4: Test Cases/AlterationScoringRuleApps/Financial Non Employee/Non Ultimate/FE4/TC-1 USD FE4&#xD;
&#xD;
2019-08-27 17:07:04 - [TEST_STEP][PASSED] - random = new java.util.Random(): null&#xD;
&#xD;
2019-08-27 17:07:04 - [TEST_STEP][PASSED] - compareHighestValueFsaDeathVsAddccMax = 1875000: null&#xD;
&#xD;
2019-08-27 17:07:04 - [TEST_STEP][PASSED] - compareHighestValueFsaDeathVsAddccMin = 625001: null&#xD;
&#xD;
2019-08-27 17:07:04 - [TEST_STEP][PASSED] - compareHighestValueFsaDeathVsAddcc = random.nextInt(compareHighestValueFsaDeathVsAddccMax - compareHighestValueFsaDeathVsAddccMin) + compareHighestValueFsaDeathVsAddccMin: null&#xD;
&#xD;
2019-08-27 17:07:04 - [TEST_STEP][PASSED] - println(compareHighestValueFsaDeathVsAddcc): null&#xD;
&#xD;
2019-08-27 17:07:04 - [TEST_STEP][PASSED] - comment("Send request"): Send request&#xD;
&#xD;
2019-08-27 17:07:04 - [MESSAGE][INFO] - Send request&#xD;
&#xD;
2019-08-27 17:07:04 - [TEST_STEP][PASSED] - response = sendRequest(findTestObject("AlterationScoringRuleApps/Financial Non Employee/Non Ultimate/Object Request", ["transactionType":transactionType, "role":role, "increasingFsaFlag":increasingFsaFlag, "pecFlag":pecFlag, "occupationCode":occupationCode, ... ])): Send request successfully&#xD;
&#xD;
2019-08-27 17:07:05 - [MESSAGE][INFO] - HAR: C:\SURYAPURBA\PHS\PHS-BRMS\Reports\FinancialNonEmployee_NonUltimate\20190827_170649\requests\main\15.har&#xD;
&#xD;
2019-08-27 17:07:05 - [MESSAGE][PASSED] - Send request successfully&#xD;
&#xD;
2019-08-27 17:07:05 - [TEST_STEP][PASSED] - slurper = new groovy.json.JsonSlurper(): null&#xD;
&#xD;
2019-08-27 17:07:05 - [TEST_STEP][PASSED] - parseResponse = slurper.parseText(response.getResponseText()): null&#xD;
&#xD;
2019-08-27 17:07:05 - [TEST_STEP][PASSED] - println(parseResponse): null&#xD;
&#xD;
2019-08-27 17:07:05 - [TEST_STEP][PASSED] - attributes = evidenceCode: null&#xD;
&#xD;
2019-08-27 17:07:05 - [TEST_STEP][PASSED] - expected = description == "Butuh LSAR, ABR": null&#xD;
&#xD;
2019-08-27 17:07:05 - [TEST_STEP][PASSED] - comment("Verify evidence code is FE4 and have description "Butuh LSAR, ABR""): Verify evidence code is FE4 and have description "Butuh LSAR, ABR"&#xD;
&#xD;
2019-08-27 17:07:05 - [MESSAGE][INFO] - Verify evidence code is FE4 and have description "Butuh LSAR, ABR"&#xD;
&#xD;
2019-08-27 17:07:05 - [TEST_STEP][PASSED] - verifyEqual(expected, true): Actual object 'true' and expected object 'true' are equal&#xD;
&#xD;
2019-08-27 17:07:05 - [MESSAGE][PASSED] - Actual object 'true' and expected object 'true' are equal&#xD;
&#xD;
2019-08-27 17:07:05 - [TEST_STEP][PASSED] - comment("Verify response status code"): Verify response status code&#xD;
&#xD;
2019-08-27 17:07:05 - [MESSAGE][INFO] - Verify response status code&#xD;
&#xD;
2019-08-27 17:07:05 - [TEST_STEP][PASSED] - verifyResponseStatusCode(response, 200): Verify response status code successfully&#xD;
&#xD;
2019-08-27 17:07:05 - [MESSAGE][PASSED] - Verify response status code successfully&#xD;
&#xD;
2019-08-27 17:07:05 - [TEST_STEP][PASSED] - Start listener action : sampleAfterTestCase: null</system-out>
            <system-err></system-err>
        </testcase>
        <testcase name="Test Cases/AlterationScoringRuleApps/Financial Non Employee/Non Ultimate/FE4/TC-1 USD FE4" classname="Test Cases/AlterationScoringRuleApps/Financial Non Employee/Non Ultimate/FE4/TC-1 USD FE4" status="PASSED">
            <system-out>2019-08-27 17:07:05 - [TEST_CASE][PASSED] - Test Cases/AlterationScoringRuleApps/Financial Non Employee/Non Ultimate/FE4/TC-1 USD FE4: Test Cases/AlterationScoringRuleApps/Financial Non Employee/Non Ultimate/FE4/TC-1 USD FE4&#xD;
&#xD;
2019-08-27 17:07:05 - [TEST_STEP][PASSED] - random = new java.util.Random(): null&#xD;
&#xD;
2019-08-27 17:07:05 - [TEST_STEP][PASSED] - compareHighestValueFsaDeathVsAddccMax = 1875000: null&#xD;
&#xD;
2019-08-27 17:07:05 - [TEST_STEP][PASSED] - compareHighestValueFsaDeathVsAddccMin = 625001: null&#xD;
&#xD;
2019-08-27 17:07:05 - [TEST_STEP][PASSED] - compareHighestValueFsaDeathVsAddcc = random.nextInt(compareHighestValueFsaDeathVsAddccMax - compareHighestValueFsaDeathVsAddccMin) + compareHighestValueFsaDeathVsAddccMin: null&#xD;
&#xD;
2019-08-27 17:07:05 - [TEST_STEP][PASSED] - println(compareHighestValueFsaDeathVsAddcc): null&#xD;
&#xD;
2019-08-27 17:07:05 - [TEST_STEP][PASSED] - comment("Send request"): Send request&#xD;
&#xD;
2019-08-27 17:07:05 - [MESSAGE][INFO] - Send request&#xD;
&#xD;
2019-08-27 17:07:05 - [TEST_STEP][PASSED] - response = sendRequest(findTestObject("AlterationScoringRuleApps/Financial Non Employee/Non Ultimate/Object Request", ["transactionType":transactionType, "role":role, "increasingFsaFlag":increasingFsaFlag, "pecFlag":pecFlag, "occupationCode":occupationCode, ... ])): Send request successfully&#xD;
&#xD;
2019-08-27 17:07:05 - [MESSAGE][INFO] - HAR: C:\SURYAPURBA\PHS\PHS-BRMS\Reports\FinancialNonEmployee_NonUltimate\20190827_170649\requests\main\16.har&#xD;
&#xD;
2019-08-27 17:07:05 - [MESSAGE][PASSED] - Send request successfully&#xD;
&#xD;
2019-08-27 17:07:05 - [TEST_STEP][PASSED] - slurper = new groovy.json.JsonSlurper(): null&#xD;
&#xD;
2019-08-27 17:07:05 - [TEST_STEP][PASSED] - parseResponse = slurper.parseText(response.getResponseText()): null&#xD;
&#xD;
2019-08-27 17:07:06 - [TEST_STEP][PASSED] - println(parseResponse): null&#xD;
&#xD;
2019-08-27 17:07:06 - [TEST_STEP][PASSED] - attributes = evidenceCode: null&#xD;
&#xD;
2019-08-27 17:07:06 - [TEST_STEP][PASSED] - expected = description == "Butuh LSAR, ABR": null&#xD;
&#xD;
2019-08-27 17:07:06 - [TEST_STEP][PASSED] - comment("Verify evidence code is FE4 and have description "Butuh LSAR, ABR""): Verify evidence code is FE4 and have description "Butuh LSAR, ABR"&#xD;
&#xD;
2019-08-27 17:07:06 - [MESSAGE][INFO] - Verify evidence code is FE4 and have description "Butuh LSAR, ABR"&#xD;
&#xD;
2019-08-27 17:07:06 - [TEST_STEP][PASSED] - verifyEqual(expected, true): Actual object 'true' and expected object 'true' are equal&#xD;
&#xD;
2019-08-27 17:07:06 - [MESSAGE][PASSED] - Actual object 'true' and expected object 'true' are equal&#xD;
&#xD;
2019-08-27 17:07:06 - [TEST_STEP][PASSED] - comment("Verify response status code"): Verify response status code&#xD;
&#xD;
2019-08-27 17:07:06 - [MESSAGE][INFO] - Verify response status code&#xD;
&#xD;
2019-08-27 17:07:06 - [TEST_STEP][PASSED] - verifyResponseStatusCode(response, 200): Verify response status code successfully&#xD;
&#xD;
2019-08-27 17:07:06 - [MESSAGE][PASSED] - Verify response status code successfully&#xD;
&#xD;
2019-08-27 17:07:06 - [TEST_STEP][PASSED] - Start listener action : sampleAfterTestCase: null</system-out>
            <system-err></system-err>
        </testcase>
        <testcase name="Test Cases/AlterationScoringRuleApps/Financial Non Employee/Non Ultimate/FE4/TC-1 USD FE4" classname="Test Cases/AlterationScoringRuleApps/Financial Non Employee/Non Ultimate/FE4/TC-1 USD FE4" status="PASSED">
            <system-out>2019-08-27 17:07:06 - [TEST_CASE][PASSED] - Test Cases/AlterationScoringRuleApps/Financial Non Employee/Non Ultimate/FE4/TC-1 USD FE4: Test Cases/AlterationScoringRuleApps/Financial Non Employee/Non Ultimate/FE4/TC-1 USD FE4&#xD;
&#xD;
2019-08-27 17:07:06 - [TEST_STEP][PASSED] - random = new java.util.Random(): null&#xD;
&#xD;
2019-08-27 17:07:06 - [TEST_STEP][PASSED] - compareHighestValueFsaDeathVsAddccMax = 1875000: null&#xD;
&#xD;
2019-08-27 17:07:06 - [TEST_STEP][PASSED] - compareHighestValueFsaDeathVsAddccMin = 625001: null&#xD;
&#xD;
2019-08-27 17:07:06 - [TEST_STEP][PASSED] - compareHighestValueFsaDeathVsAddcc = random.nextInt(compareHighestValueFsaDeathVsAddccMax - compareHighestValueFsaDeathVsAddccMin) + compareHighestValueFsaDeathVsAddccMin: null&#xD;
&#xD;
2019-08-27 17:07:06 - [TEST_STEP][PASSED] - println(compareHighestValueFsaDeathVsAddcc): null&#xD;
&#xD;
2019-08-27 17:07:06 - [TEST_STEP][PASSED] - comment("Send request"): Send request&#xD;
&#xD;
2019-08-27 17:07:06 - [MESSAGE][INFO] - Send request&#xD;
&#xD;
2019-08-27 17:07:06 - [TEST_STEP][PASSED] - response = sendRequest(findTestObject("AlterationScoringRuleApps/Financial Non Employee/Non Ultimate/Object Request", ["transactionType":transactionType, "role":role, "increasingFsaFlag":increasingFsaFlag, "pecFlag":pecFlag, "occupationCode":occupationCode, ... ])): Send request successfully&#xD;
&#xD;
2019-08-27 17:07:06 - [MESSAGE][INFO] - HAR: C:\SURYAPURBA\PHS\PHS-BRMS\Reports\FinancialNonEmployee_NonUltimate\20190827_170649\requests\main\17.har&#xD;
&#xD;
2019-08-27 17:07:06 - [MESSAGE][PASSED] - Send request successfully&#xD;
&#xD;
2019-08-27 17:07:06 - [TEST_STEP][PASSED] - slurper = new groovy.json.JsonSlurper(): null&#xD;
&#xD;
2019-08-27 17:07:06 - [TEST_STEP][PASSED] - parseResponse = slurper.parseText(response.getResponseText()): null&#xD;
&#xD;
2019-08-27 17:07:06 - [TEST_STEP][PASSED] - println(parseResponse): null&#xD;
&#xD;
2019-08-27 17:07:06 - [TEST_STEP][PASSED] - attributes = evidenceCode: null&#xD;
&#xD;
2019-08-27 17:07:06 - [TEST_STEP][PASSED] - expected = description == "Butuh LSAR, ABR": null&#xD;
&#xD;
2019-08-27 17:07:06 - [TEST_STEP][PASSED] - comment("Verify evidence code is FE4 and have description "Butuh LSAR, ABR""): Verify evidence code is FE4 and have description "Butuh LSAR, ABR"&#xD;
&#xD;
2019-08-27 17:07:06 - [MESSAGE][INFO] - Verify evidence code is FE4 and have description "Butuh LSAR, ABR"&#xD;
&#xD;
2019-08-27 17:07:06 - [TEST_STEP][PASSED] - verifyEqual(expected, true): Actual object 'true' and expected object 'true' are equal&#xD;
&#xD;
2019-08-27 17:07:07 - [MESSAGE][PASSED] - Actual object 'true' and expected object 'true' are equal&#xD;
&#xD;
2019-08-27 17:07:07 - [TEST_STEP][PASSED] - comment("Verify response status code"): Verify response status code&#xD;
&#xD;
2019-08-27 17:07:07 - [MESSAGE][INFO] - Verify response status code&#xD;
&#xD;
2019-08-27 17:07:07 - [TEST_STEP][PASSED] - verifyResponseStatusCode(response, 200): Verify response status code successfully&#xD;
&#xD;
2019-08-27 17:07:07 - [MESSAGE][PASSED] - Verify response status code successfully&#xD;
&#xD;
2019-08-27 17:07:07 - [TEST_STEP][PASSED] - Start listener action : sampleAfterTestCase: null</system-out>
            <system-err></system-err>
        </testcase>
        <testcase name="Test Cases/AlterationScoringRuleApps/Financial Non Employee/Non Ultimate/FE4/TC-1 USD FE4" classname="Test Cases/AlterationScoringRuleApps/Financial Non Employee/Non Ultimate/FE4/TC-1 USD FE4" status="PASSED">
            <system-out>2019-08-27 17:07:07 - [TEST_CASE][PASSED] - Test Cases/AlterationScoringRuleApps/Financial Non Employee/Non Ultimate/FE4/TC-1 USD FE4: Test Cases/AlterationScoringRuleApps/Financial Non Employee/Non Ultimate/FE4/TC-1 USD FE4&#xD;
&#xD;
2019-08-27 17:07:07 - [TEST_STEP][PASSED] - random = new java.util.Random(): null&#xD;
&#xD;
2019-08-27 17:07:07 - [TEST_STEP][PASSED] - compareHighestValueFsaDeathVsAddccMax = 1875000: null&#xD;
&#xD;
2019-08-27 17:07:07 - [TEST_STEP][PASSED] - compareHighestValueFsaDeathVsAddccMin = 625001: null&#xD;
&#xD;
2019-08-27 17:07:07 - [TEST_STEP][PASSED] - compareHighestValueFsaDeathVsAddcc = random.nextInt(compareHighestValueFsaDeathVsAddccMax - compareHighestValueFsaDeathVsAddccMin) + compareHighestValueFsaDeathVsAddccMin: null&#xD;
&#xD;
2019-08-27 17:07:07 - [TEST_STEP][PASSED] - println(compareHighestValueFsaDeathVsAddcc): null&#xD;
&#xD;
2019-08-27 17:07:07 - [TEST_STEP][PASSED] - comment("Send request"): Send request&#xD;
&#xD;
2019-08-27 17:07:07 - [MESSAGE][INFO] - Send request&#xD;
&#xD;
2019-08-27 17:07:07 - [TEST_STEP][PASSED] - response = sendRequest(findTestObject("AlterationScoringRuleApps/Financial Non Employee/Non Ultimate/Object Request", ["transactionType":transactionType, "role":role, "increasingFsaFlag":increasingFsaFlag, "pecFlag":pecFlag, "occupationCode":occupationCode, ... ])): Send request successfully&#xD;
&#xD;
2019-08-27 17:07:08 - [MESSAGE][INFO] - HAR: C:\SURYAPURBA\PHS\PHS-BRMS\Reports\FinancialNonEmployee_NonUltimate\20190827_170649\requests\main\18.har&#xD;
&#xD;
2019-08-27 17:07:08 - [MESSAGE][PASSED] - Send request successfully&#xD;
&#xD;
2019-08-27 17:07:08 - [TEST_STEP][PASSED] - slurper = new groovy.json.JsonSlurper(): null&#xD;
&#xD;
2019-08-27 17:07:08 - [TEST_STEP][PASSED] - parseResponse = slurper.parseText(response.getResponseText()): null&#xD;
&#xD;
2019-08-27 17:07:08 - [TEST_STEP][PASSED] - println(parseResponse): null&#xD;
&#xD;
2019-08-27 17:07:08 - [TEST_STEP][PASSED] - attributes = evidenceCode: null&#xD;
&#xD;
2019-08-27 17:07:08 - [TEST_STEP][PASSED] - expected = description == "Butuh LSAR, ABR": null&#xD;
&#xD;
2019-08-27 17:07:08 - [TEST_STEP][PASSED] - comment("Verify evidence code is FE4 and have description "Butuh LSAR, ABR""): Verify evidence code is FE4 and have description "Butuh LSAR, ABR"&#xD;
&#xD;
2019-08-27 17:07:08 - [MESSAGE][INFO] - Verify evidence code is FE4 and have description "Butuh LSAR, ABR"&#xD;
&#xD;
2019-08-27 17:07:08 - [TEST_STEP][PASSED] - verifyEqual(expected, true): Actual object 'true' and expected object 'true' are equal&#xD;
&#xD;
2019-08-27 17:07:08 - [MESSAGE][PASSED] - Actual object 'true' and expected object 'true' are equal&#xD;
&#xD;
2019-08-27 17:07:08 - [TEST_STEP][PASSED] - comment("Verify response status code"): Verify response status code&#xD;
&#xD;
2019-08-27 17:07:08 - [MESSAGE][INFO] - Verify response status code&#xD;
&#xD;
2019-08-27 17:07:08 - [TEST_STEP][PASSED] - verifyResponseStatusCode(response, 200): Verify response status code successfully&#xD;
&#xD;
2019-08-27 17:07:08 - [MESSAGE][PASSED] - Verify response status code successfully&#xD;
&#xD;
2019-08-27 17:07:08 - [TEST_STEP][PASSED] - Start listener action : sampleAfterTestCase: null</system-out>
            <system-err></system-err>
        </testcase>
        <testcase name="Test Cases/AlterationScoringRuleApps/Financial Non Employee/Non Ultimate/FE4/TC-1 USD FE4" classname="Test Cases/AlterationScoringRuleApps/Financial Non Employee/Non Ultimate/FE4/TC-1 USD FE4" status="PASSED">
            <system-out>2019-08-27 17:07:08 - [TEST_CASE][PASSED] - Test Cases/AlterationScoringRuleApps/Financial Non Employee/Non Ultimate/FE4/TC-1 USD FE4: Test Cases/AlterationScoringRuleApps/Financial Non Employee/Non Ultimate/FE4/TC-1 USD FE4&#xD;
&#xD;
2019-08-27 17:07:08 - [TEST_STEP][PASSED] - random = new java.util.Random(): null&#xD;
&#xD;
2019-08-27 17:07:08 - [TEST_STEP][PASSED] - compareHighestValueFsaDeathVsAddccMax = 1875000: null&#xD;
&#xD;
2019-08-27 17:07:08 - [TEST_STEP][PASSED] - compareHighestValueFsaDeathVsAddccMin = 625001: null&#xD;
&#xD;
2019-08-27 17:07:08 - [TEST_STEP][PASSED] - compareHighestValueFsaDeathVsAddcc = random.nextInt(compareHighestValueFsaDeathVsAddccMax - compareHighestValueFsaDeathVsAddccMin) + compareHighestValueFsaDeathVsAddccMin: null&#xD;
&#xD;
2019-08-27 17:07:08 - [TEST_STEP][PASSED] - println(compareHighestValueFsaDeathVsAddcc): null&#xD;
&#xD;
2019-08-27 17:07:08 - [TEST_STEP][PASSED] - comment("Send request"): Send request&#xD;
&#xD;
2019-08-27 17:07:08 - [MESSAGE][INFO] - Send request&#xD;
&#xD;
2019-08-27 17:07:08 - [TEST_STEP][PASSED] - response = sendRequest(findTestObject("AlterationScoringRuleApps/Financial Non Employee/Non Ultimate/Object Request", ["transactionType":transactionType, "role":role, "increasingFsaFlag":increasingFsaFlag, "pecFlag":pecFlag, "occupationCode":occupationCode, ... ])): Send request successfully&#xD;
&#xD;
2019-08-27 17:07:08 - [MESSAGE][INFO] - HAR: C:\SURYAPURBA\PHS\PHS-BRMS\Reports\FinancialNonEmployee_NonUltimate\20190827_170649\requests\main\19.har&#xD;
&#xD;
2019-08-27 17:07:08 - [MESSAGE][PASSED] - Send request successfully&#xD;
&#xD;
2019-08-27 17:07:08 - [TEST_STEP][PASSED] - slurper = new groovy.json.JsonSlurper(): null&#xD;
&#xD;
2019-08-27 17:07:08 - [TEST_STEP][PASSED] - parseResponse = slurper.parseText(response.getResponseText()): null&#xD;
&#xD;
2019-08-27 17:07:08 - [TEST_STEP][PASSED] - println(parseResponse): null&#xD;
&#xD;
2019-08-27 17:07:08 - [TEST_STEP][PASSED] - attributes = evidenceCode: null&#xD;
&#xD;
2019-08-27 17:07:08 - [TEST_STEP][PASSED] - expected = description == "Butuh LSAR, ABR": null&#xD;
&#xD;
2019-08-27 17:07:08 - [TEST_STEP][PASSED] - comment("Verify evidence code is FE4 and have description "Butuh LSAR, ABR""): Verify evidence code is FE4 and have description "Butuh LSAR, ABR"&#xD;
&#xD;
2019-08-27 17:07:08 - [MESSAGE][INFO] - Verify evidence code is FE4 and have description "Butuh LSAR, ABR"&#xD;
&#xD;
2019-08-27 17:07:08 - [TEST_STEP][PASSED] - verifyEqual(expected, true): Actual object 'true' and expected object 'true' are equal&#xD;
&#xD;
2019-08-27 17:07:08 - [MESSAGE][PASSED] - Actual object 'true' and expected object 'true' are equal&#xD;
&#xD;
2019-08-27 17:07:08 - [TEST_STEP][PASSED] - comment("Verify response status code"): Verify response status code&#xD;
&#xD;
2019-08-27 17:07:08 - [MESSAGE][INFO] - Verify response status code&#xD;
&#xD;
2019-08-27 17:07:08 - [TEST_STEP][PASSED] - verifyResponseStatusCode(response, 200): Verify response status code successfully&#xD;
&#xD;
2019-08-27 17:07:08 - [MESSAGE][PASSED] - Verify response status code successfully&#xD;
&#xD;
2019-08-27 17:07:08 - [TEST_STEP][PASSED] - Start listener action : sampleAfterTestCase: null</system-out>
            <system-err></system-err>
        </testcase>
        <testcase name="Test Cases/AlterationScoringRuleApps/Financial Non Employee/Non Ultimate/FE4/TC-1 USD FE4" classname="Test Cases/AlterationScoringRuleApps/Financial Non Employee/Non Ultimate/FE4/TC-1 USD FE4" status="PASSED">
            <system-out>2019-08-27 17:07:08 - [TEST_CASE][PASSED] - Test Cases/AlterationScoringRuleApps/Financial Non Employee/Non Ultimate/FE4/TC-1 USD FE4: Test Cases/AlterationScoringRuleApps/Financial Non Employee/Non Ultimate/FE4/TC-1 USD FE4&#xD;
&#xD;
2019-08-27 17:07:08 - [TEST_STEP][PASSED] - random = new java.util.Random(): null&#xD;
&#xD;
2019-08-27 17:07:08 - [TEST_STEP][PASSED] - compareHighestValueFsaDeathVsAddccMax = 1875000: null&#xD;
&#xD;
2019-08-27 17:07:08 - [TEST_STEP][PASSED] - compareHighestValueFsaDeathVsAddccMin = 625001: null&#xD;
&#xD;
2019-08-27 17:07:08 - [TEST_STEP][PASSED] - compareHighestValueFsaDeathVsAddcc = random.nextInt(compareHighestValueFsaDeathVsAddccMax - compareHighestValueFsaDeathVsAddccMin) + compareHighestValueFsaDeathVsAddccMin: null&#xD;
&#xD;
2019-08-27 17:07:08 - [TEST_STEP][PASSED] - println(compareHighestValueFsaDeathVsAddcc): null&#xD;
&#xD;
2019-08-27 17:07:08 - [TEST_STEP][PASSED] - comment("Send request"): Send request&#xD;
&#xD;
2019-08-27 17:07:08 - [MESSAGE][INFO] - Send request&#xD;
&#xD;
2019-08-27 17:07:08 - [TEST_STEP][PASSED] - response = sendRequest(findTestObject("AlterationScoringRuleApps/Financial Non Employee/Non Ultimate/Object Request", ["transactionType":transactionType, "role":role, "increasingFsaFlag":increasingFsaFlag, "pecFlag":pecFlag, "occupationCode":occupationCode, ... ])): Send request successfully&#xD;
&#xD;
2019-08-27 17:07:09 - [MESSAGE][INFO] - HAR: C:\SURYAPURBA\PHS\PHS-BRMS\Reports\FinancialNonEmployee_NonUltimate\20190827_170649\requests\main\20.har&#xD;
&#xD;
2019-08-27 17:07:09 - [MESSAGE][PASSED] - Send request successfully&#xD;
&#xD;
2019-08-27 17:07:09 - [TEST_STEP][PASSED] - slurper = new groovy.json.JsonSlurper(): null&#xD;
&#xD;
2019-08-27 17:07:09 - [TEST_STEP][PASSED] - parseResponse = slurper.parseText(response.getResponseText()): null&#xD;
&#xD;
2019-08-27 17:07:09 - [TEST_STEP][PASSED] - println(parseResponse): null&#xD;
&#xD;
2019-08-27 17:07:09 - [TEST_STEP][PASSED] - attributes = evidenceCode: null&#xD;
&#xD;
2019-08-27 17:07:09 - [TEST_STEP][PASSED] - expected = description == "Butuh LSAR, ABR": null&#xD;
&#xD;
2019-08-27 17:07:09 - [TEST_STEP][PASSED] - comment("Verify evidence code is FE4 and have description "Butuh LSAR, ABR""): Verify evidence code is FE4 and have description "Butuh LSAR, ABR"&#xD;
&#xD;
2019-08-27 17:07:09 - [MESSAGE][INFO] - Verify evidence code is FE4 and have description "Butuh LSAR, ABR"&#xD;
&#xD;
2019-08-27 17:07:09 - [TEST_STEP][PASSED] - verifyEqual(expected, true): Actual object 'true' and expected object 'true' are equal&#xD;
&#xD;
2019-08-27 17:07:09 - [MESSAGE][PASSED] - Actual object 'true' and expected object 'true' are equal&#xD;
&#xD;
2019-08-27 17:07:09 - [TEST_STEP][PASSED] - comment("Verify response status code"): Verify response status code&#xD;
&#xD;
2019-08-27 17:07:09 - [MESSAGE][INFO] - Verify response status code&#xD;
&#xD;
2019-08-27 17:07:09 - [TEST_STEP][PASSED] - verifyResponseStatusCode(response, 200): Verify response status code successfully&#xD;
&#xD;
2019-08-27 17:07:09 - [MESSAGE][PASSED] - Verify response status code successfully&#xD;
&#xD;
2019-08-27 17:07:09 - [TEST_STEP][PASSED] - Start listener action : sampleAfterTestCase: null</system-out>
            <system-err></system-err>
        </testcase>
        <testcase name="Test Cases/AlterationScoringRuleApps/Financial Non Employee/Non Ultimate/FE4/TC-2 IDR FE4" classname="Test Cases/AlterationScoringRuleApps/Financial Non Employee/Non Ultimate/FE4/TC-2 IDR FE4" status="ERROR">
            <error type="ERROR" message="Test Cases/AlterationScoringRuleApps/Financial Non Employee/Non Ultimate/FE4/TC-2 IDR FE4 FAILED.&#xA;Reason:&#xA;java.lang.NullPointerException: Cannot get property 'description' on null object&#xD;&#xA;&#x9;at TC-2 IDR FE4.run(TC-2 IDR FE4:30)&#xD;&#xA;&#x9;at com.kms.katalon.core.main.ScriptEngine.run(ScriptEngine.java:194)&#xD;&#xA;&#x9;at com.kms.katalon.core.main.ScriptEngine.runScriptAsRawText(ScriptEngine.java:119)&#xD;&#xA;&#x9;at com.kms.katalon.core.main.TestCaseExecutor.runScript(TestCaseExecutor.java:337)&#xD;&#xA;&#x9;at com.kms.katalon.core.main.TestCaseExecutor.doExecute(TestCaseExecutor.java:328)&#xD;&#xA;&#x9;at com.kms.katalon.core.main.TestCaseExecutor.processExecutionPhase(TestCaseExecutor.java:307)&#xD;&#xA;&#x9;at com.kms.katalon.core.main.TestCaseExecutor.accessMainPhase(TestCaseExecutor.java:299)&#xD;&#xA;&#x9;at com.kms.katalon.core.main.TestCaseExecutor.execute(TestCaseExecutor.java:233)&#xD;&#xA;&#x9;at com.kms.katalon.core.main.TestSuiteExecutor.accessTestCaseMainPhase(TestSuiteExecutor.java:133)&#xD;&#xA;&#x9;at com.kms.katalon.core.main.TestSuiteExecutor.accessTestSuiteMainPhase(TestSuiteExecutor.java:116)&#xD;&#xA;&#x9;at com.kms.katalon.core.main.TestSuiteExecutor.execute(TestSuiteExecutor.java:83)&#xD;&#xA;&#x9;at com.kms.katalon.core.main.TestCaseMain.startTestSuite(TestCaseMain.java:157)&#xD;&#xA;&#x9;at com.kms.katalon.core.main.TestCaseMain$startTestSuite$0.call(Unknown Source)&#xD;&#xA;&#x9;at TempTestSuite1566900409643.run(TempTestSuite1566900409643.groovy:35)&#xD;&#xA;"/>
            <system-out>2019-08-27 17:07:09 - [TEST_CASE][ERROR] - Test Cases/AlterationScoringRuleApps/Financial Non Employee/Non Ultimate/FE4/TC-2 IDR FE4: Test Cases/AlterationScoringRuleApps/Financial Non Employee/Non Ultimate/FE4/TC-2 IDR FE4 FAILED.
Reason:
java.lang.NullPointerException: Cannot get property 'description' on null object&#xD;
	at TC-2 IDR FE4.run(TC-2 IDR FE4:30)&#xD;
	at com.kms.katalon.core.main.ScriptEngine.run(ScriptEngine.java:194)&#xD;
	at com.kms.katalon.core.main.ScriptEngine.runScriptAsRawText(ScriptEngine.java:119)&#xD;
	at com.kms.katalon.core.main.TestCaseExecutor.runScript(TestCaseExecutor.java:337)&#xD;
	at com.kms.katalon.core.main.TestCaseExecutor.doExecute(TestCaseExecutor.java:328)&#xD;
	at com.kms.katalon.core.main.TestCaseExecutor.processExecutionPhase(TestCaseExecutor.java:307)&#xD;
	at com.kms.katalon.core.main.TestCaseExecutor.accessMainPhase(TestCaseExecutor.java:299)&#xD;
	at com.kms.katalon.core.main.TestCaseExecutor.execute(TestCaseExecutor.java:233)&#xD;
	at com.kms.katalon.core.main.TestSuiteExecutor.accessTestCaseMainPhase(TestSuiteExecutor.java:133)&#xD;
	at com.kms.katalon.core.main.TestSuiteExecutor.accessTestSuiteMainPhase(TestSuiteExecutor.java:116)&#xD;
	at com.kms.katalon.core.main.TestSuiteExecutor.execute(TestSuiteExecutor.java:83)&#xD;
	at com.kms.katalon.core.main.TestCaseMain.startTestSuite(TestCaseMain.java:157)&#xD;
	at com.kms.katalon.core.main.TestCaseMain$startTestSuite$0.call(Unknown Source)&#xD;
	at TempTestSuite1566900409643.run(TempTestSuite1566900409643.groovy:35)&#xD;
&#xD;
&#xD;
2019-08-27 17:07:09 - [TEST_STEP][PASSED] - random = new java.util.Random(): null&#xD;
&#xD;
2019-08-27 17:07:09 - [TEST_STEP][PASSED] - compareHighestValueFsaDeathVsAddccMax = 15000000000: null&#xD;
&#xD;
2019-08-27 17:07:09 - [TEST_STEP][PASSED] - compareHighestValueFsaDeathVsAddccMin = 5000000001: null&#xD;
&#xD;
2019-08-27 17:07:09 - [TEST_STEP][PASSED] - compareHighestValueFsaDeathVsAddcc = random.nextInt(compareHighestValueFsaDeathVsAddccMax - compareHighestValueFsaDeathVsAddccMin) + compareHighestValueFsaDeathVsAddccMin: null&#xD;
&#xD;
2019-08-27 17:07:09 - [TEST_STEP][PASSED] - println(compareHighestValueFsaDeathVsAddcc): null&#xD;
&#xD;
2019-08-27 17:07:09 - [TEST_STEP][PASSED] - comment("Send request"): Send request&#xD;
&#xD;
[...]
            <system-out>2019-08-27 17:10:59 - [TEST_CASE][ERROR] - Test Cases/AlterationScoringRuleApps/Financial Non Employee/Non Ultimate/FE6/TC-2 IDR FE6: Test Cases/AlterationScoringRuleApps/Financial Non Employee/Non Ultimate/FE6/TC-2 IDR FE6 FAILED.
Reason:
java.lang.NullPointerException: Cannot get property 'description' on null object&#xD;
	at TC-2 IDR FE6.run(TC-2 IDR FE6:28)&#xD;
	at com.kms.katalon.core.main.ScriptEngine.run(ScriptEngine.java:194)&#xD;
	at com.kms.katalon.core.main.ScriptEngine.runScriptAsRawText(ScriptEngine.java:119)&#xD;
	at com.kms.katalon.core.main.TestCaseExecutor.runScript(TestCaseExecutor.java:337)&#xD;
	at com.kms.katalon.core.main.TestCaseExecutor.doExecute(TestCaseExecutor.java:328)&#xD;
	at com.kms.katalon.core.main.TestCaseExecutor.processExecutionPhase(TestCaseExecutor.java:307)&#xD;
	at com.kms.katalon.core.main.TestCaseExecutor.accessMainPhase(TestCaseExecutor.java:299)&#xD;
	at com.kms.katalon.core.main.TestCaseExecutor.execute(TestCaseExecutor.java:233)&#xD;
	at com.kms.katalon.core.main.TestSuiteExecutor.accessTestCaseMainPhase(TestSuiteExecutor.java:133)&#xD;
	at com.kms.katalon.core.main.TestSuiteExecutor.accessTestSuiteMainPhase(TestSuiteExecutor.java:116)&#xD;
	at com.kms.katalon.core.main.TestSuiteExecutor.execute(TestSuiteExecutor.java:83)&#xD;
	at com.kms.katalon.core.main.TestCaseMain.startTestSuite(TestCaseMain.java:157)&#xD;
	at com.kms.katalon.core.main.TestCaseMain$startTestSuite$0.call(Unknown Source)&#xD;
	at TempTestSuite1566900409643.run(TempTestSuite1566900409643.groovy:35)&#xD;
&#xD;
&#xD;
2019-08-27 17:10:59 - [TEST_STEP][PASSED] - random = new java.util.Random(): null&#xD;
&#xD;
2019-08-27 17:10:59 - [TEST_STEP][PASSED] - compareHighestValueFsaDeathVsAddccMin = 50000000000: null&#xD;
&#xD;
2019-08-27 17:10:59 - [TEST_STEP][PASSED] - compareHighestValueFsaDeathVsAddccMax = 999999999999: null&#xD;
&#xD;
2019-08-27 17:10:59 - [TEST_STEP][PASSED] - compareHighestValueFsaDeathVsAddcc = random.nextInt(compareHighestValueFsaDeathVsAddccMax - compareHighestValueFsaDeathVsAddccMin) + compareHighestValueFsaDeathVsAddccMin: null&#xD;
&#xD;
2019-08-27 17:10:59 - [TEST_STEP][PASSED] - println(compareHighestValueFsaDeathVsAddcc): null&#xD;
&#xD;
2019-08-27 17:10:59 - [TEST_STEP][PASSED] - comment("Send request"): Send request&#xD;
&#xD;
2019-08-27 17:10:59 - [MESSAGE][INFO] - Send request&#xD;
&#xD;
2019-08-27 17:10:59 - [TEST_STEP][PASSED] - response = sendRequest(findTestObject("AlterationScoringRuleApps/Financial Non Employee/Non Ultimate/Object Request", ["transactionType":transactionType, "role":role, "increasingFsaFlag":increasingFsaFlag, "pecFlag":pecFlag, "occupationCode":occupationCode, ... ])): Send request successfully&#xD;
&#xD;
2019-08-27 17:11:00 - [MESSAGE][INFO] - HAR: C:\SURYAPURBA\PHS\PHS-BRMS\Reports\FinancialNonEmployee_NonUltimate\20190827_170649\requests\main\123.har&#xD;
&#xD;
2019-08-27 17:11:02 - [MESSAGE][PASSED] - Send request successfully&#xD;
&#xD;
2019-08-27 17:11:02 - [TEST_STEP][PASSED] - slurper = new groovy.json.JsonSlurper(): null&#xD;
&#xD;
2019-08-27 17:11:02 - [TEST_STEP][PASSED] - parseResponse = slurper.parseText(response.getResponseText()): null&#xD;
&#xD;
2019-08-27 17:11:02 - [TEST_STEP][PASSED] - println(parseResponse): null&#xD;
&#xD;
2019-08-27 17:11:02 - [TEST_STEP][PASSED] - attributes = evidenceCode: null&#xD;
&#xD;
2019-08-27 17:11:02 - [TEST_STEP][PASSED] - println(attributes): null&#xD;
&#xD;
2019-08-27 17:11:02 - [TEST_STEP][PASSED] - expected = description == "Butuh LSAR, ABR, BSM, RoC, RNA, Bukti Aset, F2F meeting": null&#xD;
&#xD;
2019-08-27 17:11:02 - [TEST_STEP][PASSED] - Start listener action : sampleAfterTestCase: null</system-out>
            <system-err>2019-08-27 17:10:59 - [TEST_CASE][ERROR] - Test Cases/AlterationScoringRuleApps/Financial Non Employee/Non Ultimate/FE6/TC-2 IDR FE6: Test Cases/AlterationScoringRuleApps/Financial Non Employee/Non Ultimate/FE6/TC-2 IDR FE6 FAILED.
Reason:
java.lang.NullPointerException: Cannot get property 'description' on null object&#xD;
	at TC-2 IDR FE6.run(TC-2 IDR FE6:28)&#xD;
	at com.kms.katalon.core.main.ScriptEngine.run(ScriptEngine.java:194)&#xD;
	at com.kms.katalon.core.main.ScriptEngine.runScriptAsRawText(ScriptEngine.java:119)&#xD;
	at com.kms.katalon.core.main.TestCaseExecutor.runScript(TestCaseExecutor.java:337)&#xD;
	at com.kms.katalon.core.main.TestCaseExecutor.doExecute(TestCaseExecutor.java:328)&#xD;
	at com.kms.katalon.core.main.TestCaseExecutor.processExecutionPhase(TestCaseExecutor.java:307)&#xD;
	at com.kms.katalon.core.main.TestCaseExecutor.accessMainPhase(TestCaseExecutor.java:299)&#xD;
	at com.kms.katalon.core.main.TestCaseExecutor.execute(TestCaseExecutor.java:233)&#xD;
	at com.kms.katalon.core.main.TestSuiteExecutor.accessTestCaseMainPhase(TestSuiteExecutor.java:133)&#xD;
	at com.kms.katalon.core.main.TestSuiteExecutor.accessTestSuiteMainPhase(TestSuiteExecutor.java:116)&#xD;
	at com.kms.katalon.core.main.TestSuiteExecutor.execute(TestSuiteExecutor.java:83)&#xD;
	at com.kms.katalon.core.main.TestCaseMain.startTestSuite(TestCaseMain.java:157)&#xD;
	at com.kms.katalon.core.main.TestCaseMain$startTestSuite$0.call(Unknown Source)&#xD;
	at TempTestSuite1566900409643.run(TempTestSuite1566900409643.groovy:35)</system-err>
        </testcase>
        <testcase name="Test Cases/AlterationScoringRuleApps/Financial Non Employee/Non Ultimate/FE6/TC-2 IDR FE6" classname="Test Cases/AlterationScoringRuleApps/Financial Non Employee/Non Ultimate/FE6/TC-2 IDR FE6" status="ERROR">
            <error type="ERROR" message="Test Cases/AlterationScoringRuleApps/Financial Non Employee/Non Ultimate/FE6/TC-2 IDR FE6 FAILED.&#xA;Reason:&#xA;java.lang.NullPointerException: Cannot get property 'description' on null object&#xD;&#xA;&#x9;at TC-2 IDR FE6.run(TC-2 IDR FE6:28)&#xD;&#xA;&#x9;at com.kms.katalon.core.main.ScriptEngine.run(ScriptEngine.java:194)&#xD;&#xA;&#x9;at com.kms.katalon.core.main.ScriptEngine.runScriptAsRawText(ScriptEngine.java:119)&#xD;&#xA;&#x9;at com.kms.katalon.core.main.TestCaseExecutor.runScript(TestCaseExecutor.java:337)&#xD;&#xA;&#x9;at com.kms.katalon.core.main.TestCaseExecutor.doExecute(TestCaseExecutor.java:328)&#xD;&#xA;&#x9;at com.kms.katalon.core.main.TestCaseExecutor.processExecutionPhase(TestCaseExecutor.java:307)&#xD;&#xA;&#x9;at com.kms.katalon.core.main.TestCaseExecutor.accessMainPhase(TestCaseExecutor.java:299)&#xD;&#xA;&#x9;at com.kms.katalon.core.main.TestCaseExecutor.execute(TestCaseExecutor.java:233)&#xD;&#xA;&#x9;at com.kms.katalon.core.main.TestSuiteExecutor.accessTestCaseMainPhase(TestSuiteExecutor.java:133)&#xD;&#xA;&#x9;at com.kms.katalon.core.main.TestSuiteExecutor.accessTestSuiteMainPhase(TestSuiteExecutor.java:116)&#xD;&#xA;&#x9;at com.kms.katalon.core.main.TestSuiteExecutor.execute(TestSuiteExecutor.java:83)&#xD;&#xA;&#x9;at com.kms.katalon.core.main.TestCaseMain.startTestSuite(TestCaseMain.java:157)&#xD;&#xA;&#x9;at com.kms.katalon.core.main.TestCaseMain$startTestSuite$0.call(Unknown Source)&#xD;&#xA;&#x9;at TempTestSuite1566900409643.run(TempTestSuite1566900409643.groovy:35)&#xD;&#xA;"/>
            <system-out>2019-08-27 17:11:02 - [TEST_CASE][ERROR] - Test Cases/AlterationScoringRuleApps/Financial Non Employee/Non Ultimate/FE6/TC-2 IDR FE6: Test Cases/AlterationScoringRuleApps/Financial Non Employee/Non Ultimate/FE6/TC-2 IDR FE6 FAILED.
Reason:
java.lang.NullPointerException: Cannot get property 'description' on null object&#xD;
	at TC-2 IDR FE6.run(TC-2 IDR FE6:28)&#xD;
	at com.kms.katalon.core.main.ScriptEngine.run(ScriptEngine.java:194)&#xD;
	at com.kms.katalon.core.main.ScriptEngine.runScriptAsRawText(ScriptEngine.java:119)&#xD;
	at com.kms.katalon.core.main.TestCaseExecutor.runScript(TestCaseExecutor.java:337)&#xD;
	at com.kms.katalon.core.main.TestCaseExecutor.doExecute(TestCaseExecutor.java:328)&#xD;
	at com.kms.katalon.core.main.TestCaseExecutor.processExecutionPhase(TestCaseExecutor.java:307)&#xD;
	at com.kms.katalon.core.main.TestCaseExecutor.accessMainPhase(TestCaseExecutor.java:299)&#xD;
	at com.kms.katalon.core.main.TestCaseExecutor.execute(TestCaseExecutor.java:233)&#xD;
	at com.kms.katalon.core.main.TestSuiteExecutor.accessTestCaseMainPhase(TestSuiteExecutor.java:133)&#xD;
	at com.kms.katalon.core.main.TestSuiteExecutor.accessTestSuiteMainPhase(TestSuiteExecutor.java:116)&#xD;
	at com.kms.katalon.core.main.TestSuiteExecutor.execute(TestSuiteExecutor.java:83)&#xD;
	at com.kms.katalon.core.main.TestCaseMain.startTestSuite(TestCaseMain.java:157)&#xD;
	at com.kms.katalon.core.main.TestCaseMain$startTestSuite$0.call(Unknown Source)&#xD;
	at TempTestSuite1566900409643.run(TempTestSuite1566900409643.groovy:35)&#xD;
&#xD;
&#xD;
2019-08-27 17:11:04 - [TEST_STEP][PASSED] - random = new java.util.Random(): null&#xD;
&#xD;
2019-08-27 17:11:04 - [TEST_STEP][PASSED] - compareHighestValueFsaDeathVsAddccMin = 50000000000: null&#xD;
&#xD;
2019-08-27 17:11:04 - [TEST_STEP][PASSED] - compareHighestValueFsaDeathVsAddccMax = 999999999999: null&#xD;
&#xD;
2019-08-27 17:11:04 - [TEST_STEP][PASSED] - compareHighestValueFsaDeathVsAddcc = random.nextInt(compareHighestValueFsaDeathVsAddccMax - compareHighestValueFsaDeathVsAddccMin) + compareHighestValueFsaDeathVsAddccMin: null&#xD;
&#xD;
2019-08-27 17:11:04 - [TEST_STEP][PASSED] - println(compareHighestValueFsaDeathVsAddcc): null&#xD;
&#xD;
2019-08-27 17:11:04 - [TEST_STEP][PASSED] - comment("Send request"): Send request&#xD;
&#xD;
2019-08-27 17:11:04 - [MESSAGE][INFO] - Send request&#xD;
&#xD;
2019-08-27 17:11:04 - [TEST_STEP][PASSED] - response = sendRequest(findTestObject("AlterationScoringRuleApps/Financial Non Employee/Non Ultimate/Object Request", ["transactionType":transactionType, "role":role, "increasingFsaFlag":increasingFsaFlag, "pecFlag":pecFlag, "occupationCode":occupationCode, ... ])): Send request successfully&#xD;
&#xD;
2019-08-27 17:11:04 - [MESSAGE][INFO] - HAR: C:\SURYAPURBA\PHS\PHS-BRMS\Reports\FinancialNonEmployee_NonUltimate\20190827_170649\requests\main\124.har&#xD;
&#xD;
2019-08-27 17:11:04 - [MESSAGE][PASSED] - Send request successfully&#xD;
&#xD;
2019-08-27 17:11:04 - [TEST_STEP][PASSED] - slurper = new groovy.json.JsonSlurper(): null&#xD;
&#xD;
2019-08-27 17:11:04 - [TEST_STEP][PASSED] - parseResponse = slurper.parseText(response.getResponseText()): null&#xD;
&#xD;
2019-08-27 17:11:04 - [TEST_STEP][PASSED] - println(parseResponse): null&#xD;
&#xD;
2019-08-27 17:11:05 - [TEST_STEP][PASSED] - attributes = evidenceCode: null&#xD;
&#xD;
2019-08-27 17:11:05 - [TEST_STEP][PASSED] - println(attributes): null&#xD;
&#xD;
2019-08-27 17:11:05 - [TEST_STEP][PASSED] - expected = description == "Butuh LSAR, ABR, BSM, RoC, RNA, Bukti Aset, F2F meeting": null&#xD;
&#xD;
2019-08-27 17:11:05 - [TEST_STEP][PASSED] - Start listener action : sampleAfterTestCase: null</system-out>
            <system-err>2019-08-27 17:11:02 - [TEST_CASE][ERROR] - Test Cases/AlterationScoringRuleApps/Financial Non Employee/Non Ultimate/FE6/TC-2 IDR FE6: Test Cases/AlterationScoringRuleApps/Financial Non Employee/Non Ultimate/FE6/TC-2 IDR FE6 FAILED.
Reason:
java.lang.NullPointerException: Cannot get property 'description' on null object&#xD;
	at TC-2 IDR FE6.run(TC-2 IDR FE6:28)&#xD;
	at com.kms.katalon.core.main.ScriptEngine.run(ScriptEngine.java:194)&#xD;
	at com.kms.katalon.core.main.ScriptEngine.runScriptAsRawText(ScriptEngine.java:119)&#xD;
	at com.kms.katalon.core.main.TestCaseExecutor.runScript(TestCaseExecutor.java:337)&#xD;
	at com.kms.katalon.core.main.TestCaseExecutor.doExecute(TestCaseExecutor.java:328)&#xD;
	at com.kms.katalon.core.main.TestCaseExecutor.processExecutionPhase(TestCaseExecutor.java:307)&#xD;
	at com.kms.katalon.core.main.TestCaseExecutor.accessMainPhase(TestCaseExecutor.java:299)&#xD;
	at com.kms.katalon.core.main.TestCaseExecutor.execute(TestCaseExecutor.java:233)&#xD;
	at com.kms.katalon.core.main.TestSuiteExecutor.accessTestCaseMainPhase(TestSuiteExecutor.java:133)&#xD;
	at com.kms.katalon.core.main.TestSuiteExecutor.accessTestSuiteMainPhase(TestSuiteExecutor.java:116)&#xD;
	at com.kms.katalon.core.main.TestSuiteExecutor.execute(TestSuiteExecutor.java:83)&#xD;
	at com.kms.katalon.core.main.TestCaseMain.startTestSuite(TestCaseMain.java:157)&#xD;
	at com.kms.katalon.core.main.TestCaseMain$startTestSuite$0.call(Unknown Source)&#xD;
	at TempTestSuite1566900409643.run(TempTestSuite1566900409643.groovy:35)</system-err>
        </testcase>
        <testcase name="Test Cases/AlterationScoringRuleApps/Financial Non Employee/Non Ultimate/FE6/TC-2 IDR FE6" classname="Test Cases/AlterationScoringRuleApps/Financial Non Employee/Non Ultimate/FE6/TC-2 IDR FE6" status="ERROR">
            <error type="ERROR" message="Test Cases/AlterationScoringRuleApps/Financial Non Employee/Non Ultimate/FE6/TC-2 IDR FE6 FAILED.&#xA;Reason:&#xA;java.lang.NullPointerException: Cannot get property 'description' on null object&#xD;&#xA;&#x9;at TC-2 IDR FE6.run(TC-2 IDR FE6:28)&#xD;&#xA;&#x9;at com.kms.katalon.core.main.ScriptEngine.run(ScriptEngine.java:194)&#xD;&#xA;&#x9;at com.kms.katalon.core.main.ScriptEngine.runScriptAsRawText(ScriptEngine.java:119)&#xD;&#xA;&#x9;at com.kms.katalon.core.main.TestCaseExecutor.runScript(TestCaseExecutor.java:337)&#xD;&#xA;&#x9;at com.kms.katalon.core.main.TestCaseExecutor.doExecute(TestCaseExecutor.java:328)&#xD;&#xA;&#x9;at com.kms.katalon.core.main.TestCaseExecutor.processExecutionPhase(TestCaseExecutor.java:307)&#xD;&#xA;&#x9;at com.kms.katalon.core.main.TestCaseExecutor.accessMainPhase(TestCaseExecutor.java:299)&#xD;&#xA;&#x9;at com.kms.katalon.core.main.TestCaseExecutor.execute(TestCaseExecutor.java:233)&#xD;&#xA;&#x9;at com.kms.katalon.core.main.TestSuiteExecutor.accessTestCaseMainPhase(TestSuiteExecutor.java:133)&#xD;&#xA;&#x9;at com.kms.katalon.core.main.TestSuiteExecutor.accessTestSuiteMainPhase(TestSuiteExecutor.java:116)&#xD;&#xA;&#x9;at com.kms.katalon.core.main.TestSuiteExecutor.execute(TestSuiteExecutor.java:83)&#xD;&#xA;&#x9;at com.kms.katalon.core.main.TestCaseMain.startTestSuite(TestCaseMain.java:157)&#xD;&#xA;&#x9;at com.kms.katalon.core.main.TestCaseMain$startTestSuite$0.call(Unknown Source)&#xD;&#xA;&#x9;at TempTestSuite1566900409643.run(TempTestSuite1566900409643.groovy:35)&#xD;&#xA;"/>
            <system-out>2019-08-27 17:11:07 - [TEST_CASE][ERROR] - Test Cases/AlterationScoringRuleApps/Financial Non Employee/Non Ultimate/FE6/TC-2 IDR FE6: Test Cases/AlterationScoringRuleApps/Financial Non Employee/Non Ultimate/FE6/TC-2 IDR FE6 FAILED.
Reason:
java.lang.NullPointerException: Cannot get property 'description' on null object&#xD;
	at TC-2 IDR FE6.run(TC-2 IDR FE6:28)&#xD;
	at com.kms.katalon.core.main.ScriptEngine.run(ScriptEngine.java:194)&#xD;
	at com.kms.katalon.core.main.ScriptEngine.runScriptAsRawText(ScriptEngine.java:119)&#xD;
	at com.kms.katalon.core.main.TestCaseExecutor.runScript(TestCaseExecutor.java:337)&#xD;
	at com.kms.katalon.core.main.TestCaseExecutor.doExecute(TestCaseExecutor.java:328)&#xD;
	at com.kms.katalon.core.main.TestCaseExecutor.processExecutionPhase(TestCaseExecutor.java:307)&#xD;
	at com.kms.katalon.core.main.TestCaseExecutor.accessMainPhase(TestCaseExecutor.java:299)&#xD;
	at com.kms.katalon.core.main.TestCaseExecutor.execute(TestCaseExecutor.java:233)&#xD;
	at com.kms.katalon.core.main.TestSuiteExecutor.accessTestCaseMainPhase(TestSuiteExecutor.java:133)&#xD;
	at com.kms.katalon.core.main.TestSuiteExecutor.accessTestSuiteMainPhase(TestSuiteExecutor.java:116)&#xD;
	at com.kms.katalon.core.main.TestSuiteExecutor.execute(TestSuiteExecutor.java:83)&#xD;
	at com.kms.katalon.core.main.TestCaseMain.startTestSuite(TestCaseMain.java:157)&#xD;
	at com.kms.katalon.core.main.TestCaseMain$startTestSuite$0.call(Unknown Source)&#xD;
	at TempTestSuite1566900409643.run(TempTestSuite1566900409643.groovy:35)&#xD;
&#xD;
&#xD;
2019-08-27 17:11:08 - [TEST_STEP][PASSED] - random = new java.util.Random(): null&#xD;
&#xD;
2019-08-27 17:11:08 - [TEST_STEP][PASSED] - compareHighestValueFsaDeathVsAddccMin = 50000000000: null&#xD;
&#xD;
2019-08-27 17:11:08 - [TEST_STEP][PASSED] - compareHighestValueFsaDeathVsAddccMax = 999999999999: null&#xD;
&#xD;
2019-08-27 17:11:08 - [TEST_STEP][PASSED] - compareHighestValueFsaDeathVsAddcc = random.nextInt(compareHighestValueFsaDeathVsAddccMax - compareHighestValueFsaDeathVsAddccMin) + compareHighestValueFsaDeathVsAddccMin: null&#xD;
&#xD;
2019-08-27 17:11:08 - [TEST_STEP][PASSED] - println(compareHighestValueFsaDeathVsAddcc): null&#xD;
&#xD;
2019-08-27 17:11:08 - [TEST_STEP][PASSED] - comment("Send request"): Send request&#xD;
&#xD;
2019-08-27 17:11:08 - [MESSAGE][INFO] - Send request&#xD;
&#xD;
2019-08-27 17:11:08 - [TEST_STEP][PASSED] - response = sendRequest(findTestObject("AlterationScoringRuleApps/Financial Non Employee/Non Ultimate/Object Request", ["transactionType":transactionType, "role":role, "increasingFsaFlag":increasingFsaFlag, "pecFlag":pecFlag, "occupationCode":occupationCode, ... ])): Send request successfully&#xD;
&#xD;
2019-08-27 17:11:08 - [MESSAGE][INFO] - HAR: C:\SURYAPURBA\PHS\PHS-BRMS\Reports\FinancialNonEmployee_NonUltimate\20190827_170649\requests\main\125.har&#xD;
&#xD;
2019-08-27 17:11:08 - [MESSAGE][PASSED] - Send request successfully&#xD;
&#xD;
2019-08-27 17:11:08 - [TEST_STEP][PASSED] - slurper = new groovy.json.JsonSlurper(): null&#xD;
&#xD;
2019-08-27 17:11:08 - [TEST_STEP][PASSED] - parseResponse = slurper.parseText(response.getResponseText()): null&#xD;
&#xD;
2019-08-27 17:11:08 - [TEST_STEP][PASSED] - println(parseResponse): null&#xD;
&#xD;
2019-08-27 17:11:08 - [TEST_STEP][PASSED] - attributes = evidenceCode: null&#xD;
&#xD;
2019-08-27 17:11:08 - [TEST_STEP][PASSED] - println(attributes): null&#xD;
&#xD;
2019-08-27 17:11:10 - [TEST_STEP][PASSED] - expected = description == "Butuh LSAR, ABR, BSM, RoC, RNA, Bukti Aset, F2F meeting": null&#xD;
&#xD;
2019-08-27 17:11:11 - [TEST_STEP][PASSED] - Start listener action : sampleAfterTestCase: null</system-out>
            <system-err>2019-08-27 17:11:07 - [TEST_CASE][ERROR] - Test Cases/AlterationScoringRuleApps/Financial Non Employee/Non Ultimate/FE6/TC-2 IDR FE6: Test Cases/AlterationScoringRuleApps/Financial Non Employee/Non Ultimate/FE6/TC-2 IDR FE6 FAILED.
Reason:
java.lang.NullPointerException: Cannot get property 'description' on null object&#xD;
	at TC-2 IDR FE6.run(TC-2 IDR FE6:28)&#xD;
	at com.kms.katalon.core.main.ScriptEngine.run(ScriptEngine.java:194)&#xD;
	at com.kms.katalon.core.main.ScriptEngine.runScriptAsRawText(ScriptEngine.java:119)&#xD;
	at com.kms.katalon.core.main.TestCaseExecutor.runScript(TestCaseExecutor.java:337)&#xD;
	at com.kms.katalon.core.main.TestCaseExecutor.doExecute(TestCaseExecutor.java:328)&#xD;
	at com.kms.katalon.core.main.TestCaseExecutor.processExecutionPhase(TestCaseExecutor.java:307)&#xD;
	at com.kms.katalon.core.main.TestCaseExecutor.accessMainPhase(TestCaseExecutor.java:299)&#xD;
	at com.kms.katalon.core.main.TestCaseExecutor.execute(TestCaseExecutor.java:233)&#xD;
	at com.kms.katalon.core.main.TestSuiteExecutor.accessTestCaseMainPhase(TestSuiteExecutor.java:133)&#xD;
	at com.kms.katalon.core.main.TestSuiteExecutor.accessTestSuiteMainPhase(TestSuiteExecutor.java:116)&#xD;
	at com.kms.katalon.core.main.TestSuiteExecutor.execute(TestSuiteExecutor.java:83)&#xD;
	at com.kms.katalon.core.main.TestCaseMain.startTestSuite(TestCaseMain.java:157)&#xD;
	at com.kms.katalon.core.main.TestCaseMain$startTestSuite$0.call(Unknown Source)&#xD;
	at TempTestSuite1566900409643.run(TempTestSuite1566900409643.groovy:35)</system-err>
        </testcase>
        <system-out>2019-08-27 17:06:53 - [TEST_SUITE][INCOMPLETE] - FinancialNonEmployee_NonUltimate: null</system-out>
        <system-err>2019-08-27 17:06:53 - [TEST_SUITE][INCOMPLETE] - FinancialNonEmployee_NonUltimate: null</system-err>
    </testsuite>
</testsuites>
